Makefile:15: FPGEN home set to /nobackup/steveri/github/FP-Gen
Makefile:19: Work started at /nobackup/steveri/github/FP-Gen
Makefile:23: Technology set to 45 nm 
Makefile:125: WARNING: GENESIS_CFG_SCRIPT set to SysCfgs/dp-fma.cfg

Cleanning previous runs of Genesis
===================================
\rm -rf genesis_vlog.vf genesis_vlog.synth.vf genesis_vlog.verif.vf
\rm -rf /nobackup/steveri/github/FP-Gen/synthesis/syn_lvt_1v0_1500.0

Cleanning old files, objects, logs and garbage
==================================================
\rm -rf /nobackup/steveri/github/FP-Gen/simv simv.*
\rm -f *.tcl
\rm -f *.info
\rm -rf csrc
\rm -rf *.daidir
\rm -rf *.log
\rm -rf *.pvl
\rm -rf *.syn
\rm -rf *.mr
\rm -rf *.pvk
\rm -rf *.flc
\rm -rf ucli.key
\rm -rf *~
\rm -rf top.v
\rm -rf top_*.v
\rm -f graph_*.m
\rm -rf IBM-GenVectors
\rm -f /nobackup/steveri/github/FP-Gen/synthesis/syn_lvt_1v0_1500.0/FPGen.saif

Making genesis_vlog.vf because of /nobackup/steveri/github/FP-Gen/verif/top_adder.vp /nobackup/steveri/github/FP-Gen/verif/top_adderGPTree.vp /nobackup/steveri/github/FP-Gen/verif/clocker.vp /nobackup/steveri/github/FP-Gen/verif/top_FPMult.vp /nobackup/steveri/github/FP-Gen/verif/FPTransaction.vp /nobackup/steveri/github/FP-Gen/verif/top_MultiplierP.vp /nobackup/steveri/github/FP-Gen/verif/GoldFMA.vp /nobackup/steveri/github/FP-Gen/verif/top_FPGen.vp /nobackup/steveri/github/FP-Gen/verif/forward.vp /nobackup/steveri/github/FP-Gen/verif/FPGenControl.vp /nobackup/steveri/github/FP-Gen/verif/TestBench_FPGen.vp /nobackup/steveri/github/FP-Gen/verif/TestBench_FPMult.vp /nobackup/steveri/github/FP-Gen/verif/GoldMultiplier.vp /nobackup/steveri/github/FP-Gen/verif/top_Multiplier.vp /nobackup/steveri/github/FP-Gen/rtl/Pinned_pipeline.vp /nobackup/steveri/github/FP-Gen/rtl/FPIncrementer.vp /nobackup/steveri/github/FP-Gen/rtl/adderSklansky.vp /nobackup/steveri/github/FP-Gen/rtl/Compressor_4_2_p1.vp /nobackup/steveri/github/FP-Gen/rtl/adderGreyCell.vp /nobackup/steveri/github/FP-Gen/rtl/adderXorCell.vp /nobackup/steveri/github/FP-Gen/rtl/adderDut.vp /nobackup/steveri/github/FP-Gen/rtl/BoothCell.vp /nobackup/steveri/github/FP-Gen/rtl/FF_pipeline.vp /nobackup/steveri/github/FP-Gen/rtl/Rndlogic.vp /nobackup/steveri/github/FP-Gen/rtl/FPMult.vp /nobackup/steveri/github/FP-Gen/rtl/dff.vp /nobackup/steveri/github/FP-Gen/rtl/adderRippleCarry.vp /nobackup/steveri/github/FP-Gen/rtl/HardMultiple7.vp /nobackup/steveri/github/FP-Gen/rtl/ExponentDifference.vp /nobackup/steveri/github/FP-Gen/rtl/ArrayColumn.vp /nobackup/steveri/github/FP-Gen/rtl/Compressor_4_2_p2.vp /nobackup/steveri/github/FP-Gen/rtl/FPMult_MP.vp /nobackup/steveri/github/FP-Gen/rtl/Multiplier.vp /nobackup/steveri/github/FP-Gen/rtl/MultiplierP.vp /nobackup/steveri/github/FP-Gen/rtl/SklanskyAdderTree.vp /nobackup/steveri/github/FP-Gen/rtl/FPMultExtraSinals.vp /nobackup/steveri/github/FP-Gen/rtl/ZMColumn.vp /nobackup/steveri/github/FP-Gen/rtl/adder.vp /nobackup/steveri/github/FP-Gen/rtl/CascadeFPMult.vp /nobackup/steveri/github/FP-Gen/rtl/ClosePathSub.vp /nobackup/steveri/github/FP-Gen/rtl/BoothEnc.vp /nobackup/steveri/github/FP-Gen/rtl/Xor_gate.vp /nobackup/steveri/github/FP-Gen/rtl/adderGPTree.vp /nobackup/steveri/github/FP-Gen/rtl/DW_FMA.vp /nobackup/steveri/github/FP-Gen/rtl/CompoundAdder.vp /nobackup/steveri/github/FP-Gen/rtl/AbsoluteDifference.vp /nobackup/steveri/github/FP-Gen/rtl/FarPathAdd.vp /nobackup/steveri/github/FP-Gen/rtl/FPGen_ifc.vp /nobackup/steveri/github/FP-Gen/rtl/WallaceColumn.vp /nobackup/steveri/github/FP-Gen/rtl/MultiplierTree.vp /nobackup/steveri/github/FP-Gen/rtl/BoothSel.vp /nobackup/steveri/github/FP-Gen/rtl/RightShifter.vp /nobackup/steveri/github/FP-Gen/rtl/SumComparator.vp /nobackup/steveri/github/FP-Gen/rtl/HA.vp /nobackup/steveri/github/FP-Gen/rtl/FPGen.vp /nobackup/steveri/github/FP-Gen/rtl/CSA.vp /nobackup/steveri/github/FP-Gen/rtl/Booth_MP.vp /nobackup/steveri/github/FP-Gen/rtl/MultiplierP_MP.vp /nobackup/steveri/github/FP-Gen/rtl/Booth.vp /nobackup/steveri/github/FP-Gen/rtl/FMA_MulShift.vp /nobackup/steveri/github/FP-Gen/rtl/adderBlackCell.vp /nobackup/steveri/github/FP-Gen/rtl/FPAdd.vp /nobackup/steveri/github/FP-Gen/rtl/LZA.vp /nobackup/steveri/github/FP-Gen/rtl/adderSklanskyGPTree.vp /nobackup/steveri/github/FP-Gen/rtl/Pipelined_MultiplierP.vp /nobackup/steveri/github/FP-Gen/rtl/BoothEnc_MP.vp /nobackup/steveri/github/FP-Gen/rtl/ExpMult.vp /nobackup/steveri/github/FP-Gen/rtl/FMA_Add.vp /nobackup/steveri/github/FP-Gen/rtl/OS1Column.vp /nobackup/steveri/github/FP-Gen/rtl/HardMultiple3.vp /nobackup/steveri/github/FP-Gen/rtl/Booth2SbarCell.vp /nobackup/steveri/github/FP-Gen/rtl/adderHalfAdderCell.vp /nobackup/steveri/github/FP-Gen/rtl/Booth2SCell.vp /nobackup/steveri/github/FP-Gen/rtl/HardMultiple5.vp /nobackup/steveri/github/FP-Gen/rtl/SklanskyTree.vp /nobackup/steveri/github/FP-Gen/rtl/FMA.vp /nobackup/steveri/github/FP-Gen/rtl/CMA.vp /nobackup/steveri/github/FP-Gen/rtl/FPGenPkg.svp /nobackup/steveri/github/FP-Gen/lib/synthesis.pm SysCfgs/dp-fma.cfg
==================================================
Genesis2.pl -gen -top top_FPGen -synthtop top_FPGen.FPGen -depend depend.list -product genesis_vlog.vf -hierarchy FPGen.xml -perl_libs /nobackup/steveri/github/FP-Gen/lib  -cfgpath ./ -cfgpath /nobackup/steveri/github/FP-Gen/SysCfgs -cfg SysCfgs/dp-fma.cfg  -parse -srcpath ./ -srcpath /nobackup/steveri/github/FP-Gen/rtl -srcpath /nobackup/steveri/github/FP-Gen/verif			 -incpath ./ -incpath /nobackup/steveri/github/FP-Gen/rtl -incpath /nobackup/steveri/github/FP-Gen/verif -input  top_adder.vp top_adderGPTree.vp clocker.vp top_FPMult.vp FPTransaction.vp top_MultiplierP.vp GoldFMA.vp top_FPGen.vp forward.vp FPGenControl.vp TestBench_FPGen.vp TestBench_FPMult.vp GoldMultiplier.vp top_Multiplier.vp  Pinned_pipeline.vp FPIncrementer.vp adderSklansky.vp Compressor_4_2_p1.vp adderGreyCell.vp adderXorCell.vp adderDut.vp BoothCell.vp FF_pipeline.vp Rndlogic.vp FPMult.vp dff.vp adderRippleCarry.vp HardMultiple7.vp ExponentDifference.vp ArrayColumn.vp Compressor_4_2_p2.vp FPMult_MP.vp Multiplier.vp MultiplierP.vp SklanskyAdderTree.vp FPMultExtraSinals.vp ZMColumn.vp adder.vp CascadeFPMult.vp ClosePathSub.vp BoothEnc.vp Xor_gate.vp adderGPTree.vp DW_FMA.vp CompoundAdder.vp AbsoluteDifference.vp FarPathAdd.vp FPGen_ifc.vp WallaceColumn.vp MultiplierTree.vp BoothSel.vp RightShifter.vp SumComparator.vp HA.vp FPGen.vp CSA.vp Booth_MP.vp MultiplierP_MP.vp Booth.vp FMA_MulShift.vp adderBlackCell.vp FPAdd.vp LZA.vp adderSklanskyGPTree.vp Pipelined_MultiplierP.vp BoothEnc_MP.vp ExpMult.vp FMA_Add.vp OS1Column.vp HardMultiple3.vp Booth2SbarCell.vp adderHalfAdderCell.vp Booth2SCell.vp HardMultiple5.vp SklanskyTree.vp FMA.vp CMA.vp FPGenPkg.svp  		 -debug 0 

-----------------------------------------------
--- Genesis Is Starting Work On Your Design ---
-----------------------------------------------

-----------------------------------------------
|            Genesis Release Info             |
|  $Change: 11904 $ --- $Date: 2013/08/03 $   |
-----------------------------------------------

---------------------------------------------------------------------------
    !! THIS VERSION OF GENESIS2 IS NOT FOR ANY COMMERCIAL USE !!
     FOR COMMERCIAL LICENSE CONTACT SHACHAM@ALUMNI.STANFORD.EDU
---------------------------------------------------------------------------

Genesis2::Manager->execute: Starting Source File Parsing Phase
Genesis2::Manager->parse_files: Now parsing file top_adder.vp
Genesis2::Manager->parse_files: Now parsing file top_adderGPTree.vp
Genesis2::Manager->parse_files: Now parsing file clocker.vp
Genesis2::Manager->parse_files: Now parsing file top_FPMult.vp
Genesis2::Manager->parse_files: Now parsing file FPTransaction.vp
Genesis2::Manager->parse_files: Now parsing file top_MultiplierP.vp
Genesis2::Manager->parse_files: Now parsing file GoldFMA.vp
Genesis2::Manager->parse_files: Now parsing file top_FPGen.vp
WARNING: Line 36, of File /nobackup/steveri/github/FP-Gen/verif/top_FPGen.vp 
WARNING: You are using an old Verilog style macro. This is not safe and thus highly unrecommended.
		---> You should be using Genesis2 parameters instead
WARNING: Line 76, of File /nobackup/steveri/github/FP-Gen/verif/top_FPGen.vp 
WARNING: You are using an old Verilog style macro. This is not safe and thus highly unrecommended.
		---> You should be using Genesis2 parameters instead
Genesis2::Manager->parse_files: Now parsing file forward.vp
Genesis2::Manager->parse_files: Now parsing file FPGenControl.vp
Genesis2::Manager->parse_files: Now parsing file TestBench_FPGen.vp
Genesis2::Manager->parse_files: Now parsing file TestBench_FPMult.vp
Genesis2::Manager->parse_files: Now parsing file GoldMultiplier.vp
Genesis2::Manager->parse_files: Now parsing file top_Multiplier.vp
Genesis2::Manager->parse_files: Now parsing file Pinned_pipeline.vp
Genesis2::Manager->parse_files: Now parsing file FPIncrementer.vp
Genesis2::Manager->parse_files: Now parsing file adderSklansky.vp
Genesis2::Manager->parse_files: Now parsing file Compressor_4_2_p1.vp
Genesis2::Manager->parse_files: Now parsing file adderGreyCell.vp
Genesis2::Manager->parse_files: Now parsing file adderXorCell.vp
Genesis2::Manager->parse_files: Now parsing file adderDut.vp
Genesis2::Manager->parse_files: Now parsing file BoothCell.vp
Genesis2::Manager->parse_files: Now parsing file FF_pipeline.vp
Genesis2::Manager->parse_files: Now parsing file Rndlogic.vp
Genesis2::Manager->parse_files: Now parsing file FPMult.vp
Genesis2::Manager->parse_files: Now parsing file dff.vp
Genesis2::Manager->parse_files: Now parsing file adderRippleCarry.vp
Genesis2::Manager->parse_files: Now parsing file HardMultiple7.vp
Genesis2::Manager->parse_files: Now parsing file ExponentDifference.vp
Genesis2::Manager->parse_files: Now parsing file ArrayColumn.vp
Genesis2::Manager->parse_files: Now parsing file Compressor_4_2_p2.vp
Genesis2::Manager->parse_files: Now parsing file FPMult_MP.vp
Genesis2::Manager->parse_files: Now parsing file Multiplier.vp
Genesis2::Manager->parse_files: Now parsing file MultiplierP.vp
Genesis2::Manager->parse_files: Now parsing file SklanskyAdderTree.vp
Genesis2::Manager->parse_files: Now parsing file FPMultExtraSinals.vp
Genesis2::Manager->parse_files: Now parsing file ZMColumn.vp
Genesis2::Manager->parse_files: Now parsing file adder.vp
Genesis2::Manager->parse_files: Now parsing file CascadeFPMult.vp
Genesis2::Manager->parse_files: Now parsing file ClosePathSub.vp
Genesis2::Manager->parse_files: Now parsing file BoothEnc.vp
Genesis2::Manager->parse_files: Now parsing file Xor_gate.vp
Genesis2::Manager->parse_files: Now parsing file adderGPTree.vp
Genesis2::Manager->parse_files: Now parsing file DW_FMA.vp
Genesis2::Manager->parse_files: Now parsing file CompoundAdder.vp
Genesis2::Manager->parse_files: Now parsing file AbsoluteDifference.vp
Genesis2::Manager->parse_files: Now parsing file FarPathAdd.vp
Genesis2::Manager->parse_files: Now parsing file FPGen_ifc.vp
Genesis2::Manager->parse_files: Now parsing file WallaceColumn.vp
Genesis2::Manager->parse_files: Now parsing file MultiplierTree.vp
Genesis2::Manager->parse_files: Now parsing file BoothSel.vp
Genesis2::Manager->parse_files: Now parsing file RightShifter.vp
Genesis2::Manager->parse_files: Now parsing file SumComparator.vp
Genesis2::Manager->parse_files: Now parsing file HA.vp
Genesis2::Manager->parse_files: Now parsing file FPGen.vp
Genesis2::Manager->parse_files: Now parsing file CSA.vp
Genesis2::Manager->parse_files: Now parsing file Booth_MP.vp
Genesis2::Manager->parse_files: Now parsing file MultiplierP_MP.vp
Genesis2::Manager->parse_files: Now parsing file Booth.vp
Genesis2::Manager->parse_files: Now parsing file FMA_MulShift.vp
Genesis2::Manager->parse_files: Now parsing file adderBlackCell.vp
Genesis2::Manager->parse_files: Now parsing file FPAdd.vp
Genesis2::Manager->parse_files: Now parsing file LZA.vp
Genesis2::Manager->parse_files: Now parsing file adderSklanskyGPTree.vp
Genesis2::Manager->parse_files: Now parsing file Pipelined_MultiplierP.vp
Genesis2::Manager->parse_files: Now parsing file BoothEnc_MP.vp
Genesis2::Manager->parse_files: Now parsing file ExpMult.vp
Genesis2::Manager->parse_files: Now parsing file FMA_Add.vp
Genesis2::Manager->parse_files: Now parsing file OS1Column.vp
Genesis2::Manager->parse_files: Now parsing file HardMultiple3.vp
Genesis2::Manager->parse_files: Now parsing file Booth2SbarCell.vp
Genesis2::Manager->parse_files: Now parsing file adderHalfAdderCell.vp
Genesis2::Manager->parse_files: Now parsing file Booth2SCell.vp
Genesis2::Manager->parse_files: Now parsing file HardMultiple5.vp
Genesis2::Manager->parse_files: Now parsing file SklanskyTree.vp
Genesis2::Manager->parse_files: Now parsing file FMA.vp
Genesis2::Manager->parse_files: Now parsing file CMA.vp
Genesis2::Manager->parse_files: Now parsing file FPGenPkg.svp
Genesis2::Manager->execute: Done With Source File Parsing Phase

Genesis2::Manager->execute: Starting Verilog Code Generation Phase
Genesis2::ConfigHandler->ReadCfg: Now reading config files: SysCfgs/dp-fma.cfg
DESCRIPTION OF DIAGNOSTICS
    These messages are classified as follows (listed in increasing order of
    desperation):
    
        (W) A warning (optional).
        (D) A deprecation (enabled by default).
        (S) A severe warning (enabled by default).
        (F) A fatal error (trappable).
        (P) An internal error you should never see (trappable).
        (X) A very fatal error (nontrappable).
        (A) An alien error message (not generated by Perl).
    
    The majority of messages from the first three classifications above
    (W, D & S) can be controlled using the warnings pragma.
    
    If a message can be controlled by the warnings pragma, its warning
    category is included with the classification letter in the description
    below.  E.g. (W closed) means a warning in the closed category.
    
    Severe warnings are always enabled, unless they are explicitly disabled
    with the warnings pragma or the -X switch.
    
    Trappable errors may be trapped using the eval operator.  See
    "eval" in perlfunc.  In almost all cases, warnings may be selectively
    disabled or promoted to fatal errors using the warnings pragma.
    See warnings.
    

Use of uninitialized value in concatenation (.) or string at
	Genesis2/ConfigHandler.pm line 1470 (#1)
    (W uninitialized) An undefined value was used as if it were already
    defined.  It was interpreted as a "" or a 0, but maybe it was a mistake.
    To suppress this warning assign a defined value to your variables.
    
    To help you figure out what was undefined, perl will try to tell you
    the name of the variable (if any) that was undefined.  In some cases
    it cannot do this, so it also tells you what operation you used the
    undefined value in.  Note, however, that perl optimizes your program
    and the operation displayed in theINFO: Looking for genesis parameters: Retime, Ungroup, Flatten using BFS from top_FPGen.FPGenINFO: Synthesis top is considered to be top_FPGen.FPGenINFO: Explicit ungroup for top_FPGen.FPGen.FMAINFO: Explicit flatten for top_FPGen.FPGen.FMAINFO: Explicit ungroup for top_FPGen.FPGen.FMA.MulShift.pipeinINFO: Explicit flatten for top_FPGen.FPGen.FMA.MulShift.pipeinINFO: Explicit retime for top_FPGen.FPGen.FMA.MulShift.pipeinINFO: Explicit ungroup for top_FPGen.FPGen.FMA.MulShift.MUL0.MultP.Booth.pipe_XYINFO: Explicit flatten for top_FPGen.FPGen.FMA.MulShift.MUL0.MultP.Booth.pipe_XYINFO: Explicit retime for top_FPGen.FPGen.FMA.MulShift.MUL0.MultP.Booth.pipe_XYINFO: Explicit ungroup for top_FPGen.FPGen.FMA.MulShift.MUL0.MultP.Booth.pipe_SelXINFO: Explicit flatten for top_FPGen.FPGen.FMA.MulShift.MUL0.MultP.Booth.pipe_SelXINFO: Explicit retime for top_FPGen.FPGen.FMA.MulShift.MUL0.MultP.Booth.pipe_SelXINFO: Explicit ungroup for top_FPGen.FPGen.FMA.MulShift.MUL0.MultP.Booth.pipe_X3INFO: Explicit flatten for top_FPGen.FPGen.FMA.MulShift.MUL0.MultP.Booth.pipe_X3INFO: Explicit retime for top_FPGen.FPGen.FMA.MulShift.MUL0.MultP.Booth.pipe_X3INFO: Explicit ungroup for top_FPGen.FPGen.FMA.MulShift.MUL0.MultP.Booth.BEINFO: Explicit flatten for top_FPGen.FPGen.FMA.MulShift.MUL0.MultP.Booth.BEINFO: Explicit ungroup for top_FPGen.FPGen.FMA.MulShift.MUL0.MultP.Booth.BE.HM3.SklanskyAdderTree_HINFO: Explicit flatten for top_FPGen.FPGen.FMA.MulShift.MUL0.MultP.Booth.BE.HM3.SklanskyAdderTree_HINFO: Explicit ungroup for top_FPGen.FPGen.FMA.MulShift.MUL0.MultP.Booth.BE.HM3.SklanskyAdderTree_H.SklanskyTreeInstINFO: Explicit flatten for top_FPGen.FPGen.FMA.MulShift.MUL0.MultP.Booth.BE.HM3.SklanskyAdderTree_H.SklanskyTreeInstINFO: Explicit ungroup for top_FPGen.FPGen.FMA.MulShift.MUL0.MultP.Booth.BE.HM3.SklanskyAdderTree_KINFO: Explicit flatten for top_FPGen.FPGen.FMA.MulShift.MUL0.MultP.Booth.BE.HM3.SklanskyAdderTree_KINFO: Explicit ungroup for top_FPGen.FPGen.FMA.MulShift.MUL0.MultP.Booth.BE.HM3.SklanskyAdderTree_K.SklanskyTreeInstINFO: Explicit flatten for top_FPGen.FPGen.FMA.MulShift.MUL0.MultP.Booth.BE.HM3.SklanskyAdderTree_K.SklanskyTreeInstINFO: Explicit ungroup for top_FPGen.FPGen.FMA.MulShift.MUL0.MultP.Tree.column_6INFO: Explicit flatten for top_FPGen.FPGen.FMA.MulShift.MUL0.MultP.Tree.column_6INFO: Explicit ungroup for top_FPGen.FPGen.FMA.MulShift.MUL0.MultP.Tree.column_7INFO: Explicit flatten for top_FPGen.FPGen.FMA.MulShift.MUL0.MultP.Tree.column_7INFO: Explicit ungroup for top_FPGen.FPGen.FMA.MulShift.MUL0.MultP.Tree.column_8INFO: Explicit flatten for top_FPGen.FPGen.FMA.MulShift.MUL0.MultP.Tree.column_8INFO: Explicit ungroup for top_FPGen.FPGen.FMA.MulShift.MUL0.MultP.Tree.column_9INFO: Explicit flatten for top_FPGen.FPGen.FMA.MulShift.MUL0.MultP.Tree.column_9INFO: Explicit ungroup for top_FPGen.FPGen.FMA.MulShift.MUL0.MultP.Tree.column_10INFO: Explicit flatten for top_FPGen.FPGen.FMA.MulShift.MUL0.MultP.Tree.column_10INFO: Explicit ungroup for top_FPGen.FPGen.FMA.MulShift.MUL0.MultP.Tree.column_11INFO: Explicit flatten for top_FPGen.FPGen.FMA.MulShift.MUL0.MultP.Tree.column_11INFO: Explicit ungroup for top_FPGen.FPGen.FMA.MulShift.MUL0.MultP.Tree.column_12INFO: Explicit flatten for top_FPGen.FPGen.FMA.MulShift.MUL0.MultP.Tree.column_12INFO: Explicit ungroup for top_FPGen.FPGen.FMA.MulShift.MUL0.MultP.Tree.column_13INFO: Explicit flatten for top_FPGen.FPGen.FMA.MulShift.MUL0.MultP.Tree.column_13INFO: Explicit ungroup for top_FPGen.FPGen.FMA.MulShift.MUL0.MultP.Tree.column_14INFO: Explicit flatten for top_FPGen.FPGen.FMA.MulShift.MUL0.MultP.Tree.column_14INFO: Explicit ungroup for top_FPGen.FPGen.FMA.MulShift.MUL0.MultP.Tree.column_15INFO: Explicit flatten for top_FPGen.FPGen.FMA.MulShift.MUL0.MultP.Tree.column_15INFO: Explicit ungroup for top_FPGen.FPGen.FMA.MulShift.MUL0.MultP.Tree.column_16INFO: Explicit flatten for top_FPGen.FPGen.FMA.MulShift.MUL0.MultP.Tree.column_16INFO: Explicit ungroup for top_FPGen.FPGen.FMA.MulShift.MUL0.MultP.Tree.column_17INFO: Explicit flatten for top_FPGen.FPGen.FMA.MulShift.MUL0.MultP.Tree.column_17INFO: Explicit ungroup for top_FPGen.FPGen.FMA.MulShift.MUL0.MultP.Tree.column_18INFO: Explicit flatten for top_FPGen.FPGen.FMA.MulShift.MUL0.MultP.Tree.column_18INFO: Explicit ungroup for top_FPGen.FPGen.FMA.MulShift.MUL0.MultP.Tree.column_19INFO: Explicit flatten for top_FPGen.FPGen.FMA.MulShift.MUL0.MultP.Tree.column_19INFO: Explicit ungroup for top_FPGen.FPGen.FMA.MulShift.MUL0.MultP.Tree.column_20INFO: Explicit flatten for top_FPGen.FPGen.FMA.MulShift.MUL0.MultP.Tree.column_20INFO: Explicit ungroup for top_FPGen.FPGen.FMA.MulShift.MUL0.MultP.Tree.column_21INFO: Explicit flatten for top_FPGen.FPGen.FMA.MulShift.MUL0.MultP.Tree.column_21INFO: Explicit ungroup for top_FPGen.FPGen.FMA.MulShift.MUL0.MultP.Tree.column_22INFO: Explicit flatten for top_FPGen.FPGen.FMA.MulShift.MUL0.MultP.Tree.column_22INFO: Explicit ungroup for top_FPGen.FPGen.FMA.MulShift.MUL0.MultP.Tree.column_23INFO: Explicit flatten for top_FPGen.FPGen.FMA.MulShift.MUL0.MultP.Tree.column_23INFO: Explicit ungroup for top_FPGen.FPGen.FMA.MulShift.MUL0.MultP.Tree.column_24INFO: Explicit flatten for top_FPGen.FPGen.FMA.MulShift.MUL0.MultP.Tree.column_24INFO: Explicit ungroup for top_FPGen.FPGen.FMA.MulShift.MUL0.MultP.Tree.column_25INFO: Explicit flatten for top_FPGen.FPGen.FMA.MulShift.MUL0.MultP.Tree.column_25INFO: Explicit ungroup for top_FPGen.FPGen.FMA.MulShift.MUL0.MultP.Tree.column_26INFO: Explicit flatten for top_FPGen.FPGen.FMA.MulShift.MUL0.MultP.Tree.column_26INFO: Explicit ungroup for top_FPGen.FPGen.FMA.MulShift.MUL0.MultP.Tree.column_27INFO: Explicit flatten for top_FPGen.FPGen.FMA.MulShift.MUL0.MultP.Tree.column_27INFO: Explicit ungroup for top_FPGen.FPGen.FMA.MulShift.MUL0.MultP.Tree.column_28INFO: Explicit flatten for top_FPGen.FPGen.FMA.MulShift.MUL0.MultP.Tree.column_28INFO: Explicit ungroup for top_FPGen.FPGen.FMA.MulShift.MUL0.MultP.Tree.column_29INFO: Explicit flatten for top_FPGen.FPGen.FMA.MulShift.MUL0.MultP.Tree.column_29INFO: Explicit ungroup for top_FPGen.FPGen.FMA.MulShift.MUL0.MultP.Tree.column_30INFO: Explicit flatten for top_FPGen.FPGen.FMA.MulShift.MUL0.MultP.Tree.column_30INFO: Explicit ungroup for top_FPGen.FPGen.FMA.MulShift.MUL0.MultP.Tree.column_31INFO: Explicit flatten for top_FPGen.FPGen.FMA.MulShift.MUL0.MultP.Tree.column_31INFO: Explicit ungroup for top_FPGen.FPGen.FMA.MulShift.MUL0.MultP.Tree.column_32INFO: Explicit flatten for top_FPGen.FPGen.FMA.MulShift.MUL0.MultP.Tree.column_32INFO: Explicit ungroup for top_FPGen.FPGen.FMA.MulShift.MUL0.MultP.Tree.column_33INFO: Explicit flatten for top_FPGen.FPGen.FMA.MulShift.MUL0.MultP.Tree.column_33INFO: Explicit ungroup for top_FPGen.FPGen.FMA.MulShift.MUL0.MultP.Tree.column_34INFO: Explicit flatten for top_FPGen.FPGen.FMA.MulShift.MUL0.MultP.Tree.column_34INFO: Explicit ungroup for top_FPGen.FPGen.FMA.MulShift.MUL0.MultP.Tree.column_35INFO: Explicit flatten for top_FPGen.FPGen.FMA.MulShift.MUL0.MultP.Tree.column_35INFO: Explicit ungroup for top_FPGen.FPGen.FMA.MulShift.MUL0.MultP.Tree.column_36INFO: Explicit flatten for top_FPGen.FPGen.FMA.MulShift.MUL0.MultP.Tree.column_36INFO: Explicit ungroup for top_FPGen.FPGen.FMA.MulShift.MUL0.MultP.Tree.column_37INFO: Explicit flatten for top_FPGen.FPGen.FMA.MulShift.MUL0.MultP.Tree.column_37INFO: Explicit ungroup for top_FPGen.FPGen.FMA.MulShift.MUL0.MultP.Tree.column_38INFO: Explicit flatten for top_FPGen.FPGen.FMA.MulShift.MUL0.MultP.Tree.column_38INFO: Explicit ungroup for top_FPGen.FPGen.FMA.MulShift.MUL0.MultP.Tree.column_39INFO: Explicit flatten for top_FPGen.FPGen.FMA.MulShift.MUL0.MultP.Tree.column_39INFO: Explicit ungroup for top_FPGen.FPGen.FMA.MulShift.MUL0.MultP.Tree.column_40INFO: Explicit flatten for top_FPGen.FPGen.FMA.MulShift.MUL0.MultP.Tree.column_40INFO: Explicit ungroup for top_FPGen.FPGen.FMA.MulShift.MUL0.MultP.Tree.column_41INFO: Explicit flatten for top_FPGen.FPGen.FMA.MulShift.MUL0.MultP.Tree.column_41INFO: Explicit ungroup for top_FPGen.FPGen.FMA.MulShift.MUL0.MultP.Tree.column_42INFO: Explicit flatten for top_FPGen.FPGen.FMA.MulShift.MUL0.MultP.Tree.column_42INFO: Explicit ungroup for top_FPGen.FPGen.FMA.MulShift.MUL0.MultP.Tree.column_43INFO: Explicit flatten for top_FPGen.FPGen.FMA.MulShift.MUL0.MultP.Tree.column_43INFO: Explicit ungroup for top_FPGen.FPGen.FMA.MulShift.MUL0.MultP.Tree.column_44INFO: Explicit flatten for top_FPGen.FPGen.FMA.MulShift.MUL0.MultP.Tree.column_44INFO: Explicit ungroup for top_FPGen.FPGen.FMA.MulShift.MUL0.MultP.Tree.column_45INFO: Explicit flatten for top_FPGen.FPGen.FMA.MulShift.MUL0.MultP.Tree.column_45INFO: Explicit ungroup for top_FPGen.FPGen.FMA.MulShift.MUL0.MultP.Tree.column_46INFO: Explicit flatten for top_FPGen.FPGen.FMA.MulShift.MUL0.MultP.Tree.column_46INFO: Explicit ungroup for top_FPGen.FPGen.FMA.MulShift.MUL0.MultP.Tree.column_47INFO: Explicit flatten for top_FPGen.FPGen.FMA.MulShift.MUL0.MultP.Tree.column_47INFO: Explicit ungroup for top_FPGen.FPGen.FMA.MulShift.MUL0.MultP.Tree.column_48INFO: Explicit flatten for top_FPGen.FPGen.FMA.MulShift.MUL0.MultP.Tree.column_48INFO: Explicit ungroup for top_FPGen.FPGen.FMA.MulShift.MUL0.MultP.Tree.column_49INFO: Explicit flatten for top_FPGen.FPGen.FMA.MulShift.MUL0.MultP.Tree.column_49INFO: Explicit ungroup for top_FPGen.FPGen.FMA.MulShift.MUL0.MultP.Tree.column_50INFO: Explicit flatten for top_FPGen.FPGen.FMA.MulShift.MUL0.MultP.Tree.column_50INFO: Explicit ungroup for top_FPGen.FPGen.FMA.MulShift.MUL0.MultP.Tree.column_51INFO: Explicit flatten for top_FPGen.FPGen.FMA.MulShift.MUL0.MultP.Tree.column_51INFO: Explicit ungroup for top_FPGen.FPGen.FMA.MulShift.MUL0.MultP.Tree.column_52INFO: Explicit flatten for top_FPGen.FPGen.FMA.MulShift.MUL0.MultP.Tree.column_52INFO: Explicit ungroup for top_FPGen.FPGen.FMA.MulShift.MUL0.MultP.Tree.column_53INFO: Explicit flatten for top_FPGen.FPGen.FMA.MulShift.MUL0.MultP.Tree.column_53INFO: Explicit ungroup for top_FPGen.FPGen.FMA.MulShift.MUL0.MultP.Tree.column_54INFO: Explicit flatten for top_FPGen.FPGen.FMA.MulShift.MUL0.MultP.Tree.column_54INFO: Explicit ungroup for top_FPGen.FPGen.FMA.MulShift.MUL0.MultP.Tree.column_55INFO: Explicit flatten for top_FPGen.FPGen.FMA.MulShift.MUL0.MultP.Tree.column_55INFO: Explicit ungroup for top_FPGen.FPGen.FMA.MulShift.MUL0.MultP.Tree.column_56INFO: Explicit flatten for top_FPGen.FPGen.FMA.MulShift.MUL0.MultP.Tree.column_56INFO: Explicit ungroup for top_FPGen.FPGen.FMA.MulShift.MUL0.MultP.Tree.column_57INFO: Explicit flatten for top_FPGen.FPGen.FMA.MulShift.MUL0.MultP.Tree.column_57INFO: Explicit ungroup for top_FPGen.FPGen.FMA.MulShift.MUL0.MultP.Tree.column_58INFO: Explicit flatten for top_FPGen.FPGen.FMA.MulShift.MUL0.MultP.Tree.column_58INFO: Explicit ungroup for top_FPGen.FPGen.FMA.MulShift.MUL0.MultP.Tree.column_59INFO: Explicit flatten for top_FPGen.FPGen.FMA.MulShift.MUL0.MultP.Tree.column_59INFO: Explicit ungroup for top_FPGen.FPGen.FMA.MulShift.MUL0.MultP.Tree.column_60INFO: Explicit flatten for top_FPGen.FPGen.FMA.MulShift.MUL0.MultP.Tree.column_60INFO: Explicit ungroup for top_FPGen.FPGen.FMA.MulShift.MUL0.MultP.Tree.column_61INFO: Explicit flatten for top_FPGen.FPGen.FMA.MulShift.MUL0.MultP.Tree.column_61INFO: Explicit ungroup for top_FPGen.FPGen.FMA.MulShift.MUL0.MultP.Tree.column_62INFO: Explicit flatten for top_FPGen.FPGen.FMA.MulShift.MUL0.MultP.Tree.column_62INFO: Explicit ungroup for top_FPGen.FPGen.FMA.MulShift.MUL0.MultP.Tree.column_63INFO: Explicit flatten for top_FPGen.FPGen.FMA.MulShift.MUL0.MultP.Tree.column_63INFO: Explicit ungroup for top_FPGen.FPGen.FMA.MulShift.MUL0.MultP.Tree.column_64INFO: Explicit flatten for top_FPGen.FPGen.FMA.MulShift.MUL0.MultP.Tree.column_64INFO: Explicit ungroup for top_FPGen.FPGen.FMA.MulShift.MUL0.MultP.Tree.column_65INFO: Explicit flatten for top_FPGen.FPGen.FMA.MulShift.MUL0.MultP.Tree.column_65INFO: Explicit ungroup for top_FPGen.FPGen.FMA.MulShift.MUL0.MultP.Tree.column_66INFO: Explicit flatten for top_FPGen.FPGen.FMA.MulShift.MUL0.MultP.Tree.column_66INFO: Explicit ungroup for top_FPGen.FPGen.FMA.MulShift.MUL0.MultP.Tree.column_67INFO: Explicit flatten for top_FPGen.FPGen.FMA.MulShift.MUL0.MultP.Tree.column_67INFO: Explicit ungroup for top_FPGen.FPGen.FMA.MulShift.MUL0.MultP.Tree.column_68INFO: Explicit flatten for top_FPGen.FPGen.FMA.MulShift.MUL0.MultP.Tree.column_68INFO: Explicit ungroup for top_FPGen.FPGen.FMA.MulShift.MUL0.MultP.Tree.column_69INFO: Explicit flatten for top_FPGen.FPGen.FMA.MulShift.MUL0.MultP.Tree.column_69INFO: Explicit ungroup for top_FPGen.FPGen.FMA.MulShift.MUL0.MultP.Tree.column_70INFO: Explicit flatten for top_FPGen.FPGen.FMA.MulShift.MUL0.MultP.Tree.column_70INFO: Explicit ungroup for top_FPGen.FPGen.FMA.MulShift.MUL0.MultP.Tree.column_71INFO: Explicit flatten for top_FPGen.FPGen.FMA.MulShift.MUL0.MultP.Tree.column_71INFO: Explicit ungroup for top_FPGen.FPGen.FMA.MulShift.MUL0.MultP.Tree.column_72INFO: Explicit flatten for top_FPGen.FPGen.FMA.MulShift.MUL0.MultP.Tree.column_72INFO: Explicit ungroup for top_FPGen.FPGen.FMA.MulShift.MUL0.MultP.Tree.column_73INFO: Explicit flatten for top_FPGen.FPGen.FMA.MulShift.MUL0.MultP.Tree.column_73INFO: Explicit ungroup for top_FPGen.FPGen.FMA.MulShift.MUL0.MultP.Tree.column_74INFO: Explicit flatten for top_FPGen.FPGen.FMA.MulShift.MUL0.MultP.Tree.column_74INFO: Explicit ungroup for top_FPGen.FPGen.FMA.MulShift.MUL0.MultP.Tree.column_75INFO: Explicit flatten for top_FPGen.FPGen.FMA.MulShift.MUL0.MultP.Tree.column_75INFO: Explicit ungroup for top_FPGen.FPGen.FMA.MulShift.MUL0.MultP.Tree.column_76INFO: Explicit flatten for top_FPGen.FPGen.FMA.MulShift.MUL0.MultP.Tree.column_76INFO: Explicit ungroup for top_FPGen.FPGen.FMA.MulShift.MUL0.MultP.Tree.column_77INFO: Explicit flatten for top_FPGen.FPGen.FMA.MulShift.MUL0.MultP.Tree.column_77INFO: Explicit ungroup for top_FPGen.FPGen.FMA.MulShift.MUL0.MultP.Tree.column_78INFO: Explicit flatten for top_FPGen.FPGen.FMA.MulShift.MUL0.MultP.Tree.column_78INFO: Explicit ungroup for top_FPGen.FPGen.FMA.MulShift.MUL0.MultP.Tree.column_79INFO: Explicit flatten for top_FPGen.FPGen.FMA.MulShift.MUL0.MultP.Tree.column_79INFO: Explicit ungroup for top_FPGen.FPGen.FMA.MulShift.MUL0.MultP.Tree.column_80INFO: Explicit flatten for top_FPGen.FPGen.FMA.MulShift.MUL0.MultP.Tree.column_80INFO: Explicit ungroup for top_FPGen.FPGen.FMA.MulShift.MUL0.MultP.Tree.column_81INFO: Explicit flatten for top_FPGen.FPGen.FMA.MulShift.MUL0.MultP.Tree.column_81INFO: Explicit ungroup for top_FPGen.FPGen.FMA.MulShift.MUL0.MultP.Tree.column_82INFO: Explicit flatten for top_FPGen.FPGen.FMA.MulShift.MUL0.MultP.Tree.column_82INFO: Explicit ungroup for top_FPGen.FPGen.FMA.MulShift.MUL0.MultP.Tree.column_83INFO: Explicit flatten for top_FPGen.FPGen.FMA.MulShift.MUL0.MultP.Tree.column_83INFO: Explicit ungroup for top_FPGen.FPGen.FMA.MulShift.MUL0.MultP.Tree.column_84INFO: Explicit flatten for top_FPGen.FPGen.FMA.MulShift.MUL0.MultP.Tree.column_84INFO: Explicit ungroup for top_FPGen.FPGen.FMA.MulShift.MUL0.MultP.Tree.column_85INFO: Explicit flatten for top_FPGen.FPGen.FMA.MulShift.MUL0.MultP.Tree.column_85INFO: Explicit ungroup for top_FPGen.FPGen.FMA.MulShift.MUL0.MultP.Tree.column_86INFO: Explicit flatten for top_FPGen.FPGen.FMA.MulShift.MUL0.MultP.Tree.column_86INFO: Explicit ungroup for top_FPGen.FPGen.FMA.MulShift.MUL0.MultP.Tree.column_87INFO: Explicit flatten for top_FPGen.FPGen.FMA.MulShift.MUL0.MultP.Tree.column_87INFO: Explicit ungroup for top_FPGen.FPGen.FMA.MulShift.MUL0.MultP.Tree.column_88INFO: Explicit flatten for top_FPGen.FPGen.FMA.MulShift.MUL0.MultP.Tree.column_88INFO: Explicit ungroup for top_FPGen.FPGen.FMA.MulShift.MUL0.MultP.Tree.column_89INFO: Explicit flatten for top_FPGen.FPGen.FMA.MulShift.MUL0.MultP.Tree.column_89INFO: Explicit ungroup for top_FPGen.FPGen.FMA.MulShift.MUL0.MultP.Tree.column_90INFO: Explicit flatten for top_FPGen.FPGen.FMA.MulShift.MUL0.MultP.Tree.column_90INFO: Explicit ungroup for top_FPGen.FPGen.FMA.MulShift.MUL0.MultP.Tree.column_91INFO: Explicit flatten for top_FPGen.FPGen.FMA.MulShift.MUL0.MultP.Tree.column_91INFO: Explicit ungroup for top_FPGen.FPGen.FMA.MulShift.MUL0.MultP.Tree.column_92INFO: Explicit flatten for top_FPGen.FPGen.FMA.MulShift.MUL0.MultP.Tree.column_92INFO: Explicit ungroup for top_FPGen.FPGen.FMA.MulShift.MUL0.MultP.Tree.column_93INFO: Explicit flatten for top_FPGen.FPGen.FMA.MulShift.MUL0.MultP.Tree.column_93INFO: Explicit ungroup for top_FPGen.FPGen.FMA.MulShift.MUL0.MultP.Tree.column_94INFO: Explicit flatten for top_FPGen.FPGen.FMA.MulShift.MUL0.MultP.Tree.column_94INFO: Explicit ungroup for top_FPGen.FPGen.FMA.MulShift.MUL0.MultP.Tree.column_95INFO: Explicit flatten for top_FPGen.FPGen.FMA.MulShift.MUL0.MultP.Tree.column_95INFO: Explicit ungroup for top_FPGen.FPGen.FMA.MulShift.MUL0.MultP.Tree.column_96INFO: Explicit flatten for top_FPGen.FPGen.FMA.MulShift.MUL0.MultP.Tree.column_96INFO: Explicit ungroup for top_FPGen.FPGen.FMA.MulShift.MUL0.MultP.Tree.column_97INFO: Explicit flatten for top_FPGen.FPGen.FMA.MulShift.MUL0.MultP.Tree.column_97INFO: Explicit ungroup for top_FPGen.FPGen.FMA.MulShift.MUL0.MultP.Tree.column_98INFO: Explicit flatten for top_FPGen.FPGen.FMA.MulShift.MUL0.MultP.Tree.column_98INFO: Explicit ungroup for top_FPGen.FPGen.FMA.MulShift.MUL0.MultP.Tree.column_99INFO: Explicit flatten for top_FPGen.FPGen.FMA.MulShift.MUL0.MultP.Tree.column_99INFO: Explicit ungroup for top_FPGen.FPGen.FMA.MulShift.MUL0.MultP.Tree.column_100INFO: Explicit flatten for top_FPGen.FPGen.FMA.MulShift.MUL0.MultP.Tree.column_100INFO: Explicit ungroup for top_FPGen.FPGen.FMA.MulShift.MUL0.MultP.Tree.column_101INFO: Explicit flatten for top_FPGen.FPGen.FMA.MulShift.MUL0.MultP.Tree.column_101INFO: Explicit ungroup for top_FPGen.FPGen.FMA.MulShift.MUL0.MultP.Tree.column_102INFO: Explicit flatten for top_FPGen.FPGen.FMA.MulShift.MUL0.MultP.Tree.column_102INFO: Explicit ungroup for top_FPGen.FPGen.FMA.MulShift.MUL0.MultP.Tree.column_103INFO: Explicit flatten for top_FPGen.FPGen.FMA.MulShift.MUL0.MultP.Tree.column_103INFO: Explicit ungroup for top_FPGen.FPGen.FMA.MulShift.MUL0.MultP.Tree.column_104INFO: Explicit flatten for top_FPGen.FPGen.FMA.MulShift.MUL0.MultP.Tree.column_104INFO: Explicit ungroup for top_FPGen.FPGen.FMA.MulShift.MUL0.MultP.Tree.column_105INFO: Explicit flatten for top_FPGen.FPGen.FMA.MulShift.MUL0.MultP.Tree.column_105INFO: Explicit ungroup for top_FPGen.FPGen.FMA.MulShift.MUL0.MultP.Tree.column_106INFO: Explicit flatten for top_FPGen.FPGen.FMA.MulShift.MUL0.MultP.Tree.column_106INFO: Explicit ungroup for top_FPGen.FPGen.FMA.MulShift.MUL0.MultP.Tree.column_107INFO: Explicit flatten for top_FPGen.FPGen.FMA.MulShift.MUL0.MultP.Tree.column_107INFO: Explicit ungroup for top_FPGen.FPGen.FMA.MulShift.MUL0.MultP.Tree.column_108INFO: Explicit flatten for top_FPGen.FPGen.FMA.MulShift.MUL0.MultP.Tree.column_108INFO: Explicit ungroup for top_FPGen.FPGen.FMA.MulShift.MUL0.MultP.Tree.column_109INFO: Explicit flatten for top_FPGen.FPGen.FMA.MulShift.MUL0.MultP.Tree.column_109INFO: Explicit ungroup for top_FPGen.FPGen.FMA.MulShift.MUL0.MultP.Tree.column_110INFO: Explicit flatten for top_FPGen.FPGen.FMA.MulShift.MUL0.MultP.Tree.column_110INFO: Explicit ungroup for top_FPGen.FPGen.FMA.MulShift.MUL0.MultP.Tree.column_111INFO: Explicit flatten for top_FPGen.FPGen.FMA.MulShift.MUL0.MultP.Tree.column_111INFO: Explicit ungroup for top_FPGen.FPGen.FMA.MulShift.MUL0.MultP.Tree.column_112INFO: Explicit flatten for top_FPGen.FPGen.FMA.MulShift.MUL0.MultP.Tree.column_112INFO: Explicit ungroup for top_FPGen.FPGen.FMA.MulShift.MUL0.MultP_pipeoutINFO: Explicit flatten for top_FPGen.FPGen.FMA.MulShift.MUL0.MultP_pipeoutINFO: Explicit retime for top_FPGen.FPGen.FMA.MulShift.MUL0.MultP_pipeoutINFO: Explicit ungroup for top_FPGen.FPGen.FMA.MulShift.pipe_miscINFO: Explicit flatten for top_FPGen.FPGen.FMA.MulShift.pipe_miscINFO: Explicit retime for top_FPGen.FPGen.FMA.MulShift.pipe_miscINFO: Explicit ungroup for top_FPGen.FPGen.FMA.MulShift.pipe_AINFO: Explicit flatten for top_FPGen.FPGen.FMA.MulShift.pipe_AINFO: Explicit retime for top_FPGen.FPGen.FMA.MulShift.pipe_AINFO: Explicit ungroup for top_FPGen.FPGen.FMA.MulShift.align_pipeINFO: Explicit flatten for top_FPGen.FPGen.FMA.MulShift.align_pipeINFO: Explicit retime for top_FPGen.FPGen.FMA.MulShift.align_pipeINFO: Explicit ungroup for top_FPGen.FPGen.FMA.add_pipeINFO: Explicit flatten for top_FPGen.FPGen.FMA.add_pipeINFO: Explicit retime for top_FPGen.FPGen.FMA.add_pipeINFO: Explicit ungroup for top_FPGen.FPGen.FMA.fma_pipeINFO: Explicit flatten for top_FPGen.FPGen.FMA.fma_pipeINFO: Explicit retime for top_FPGen.FPGen.FMA.fma_pipeINFO: Explicit ungroup for top_FPGen.FPGen.FMA.add.CADD.CompoundAdderTreeINFO: Explicit flatten for top_FPGen.FPGen.FMA.add.CADD.CompoundAdderTreeINFO: Explicit ungroup for top_FPGen.FPGen.FMA.add.CADD.CompoundAdderTree.lowerTreeINFO: Explicit flatten for top_FPGen.FPGen.FMA.add.CADD.CompoundAdderTree.lowerTreeINFO: Explicit ungroup for top_FPGen.FPGen.FMA.add.CADD.CompoundAdderTree.lowerTree.lowerTreeINFO: Explicit flatten for top_FPGen.FPGen.FMA.add.CADD.CompoundAdderTree.lowerTree.lowerTreeINFO: Explicit ungroup for top_FPGen.FPGen.FMA.add.CADD.CompoundAdderTree.lowerTree.lowerTree.lowerTreeINFO: Explicit flatten for top_FPGen.FPGen.FMA.add.CADD.CompoundAdderTree.lowerTree.lowerTree.lowerTreeINFO: Explicit ungroup for top_FPGen.FPGen.FMA.add.CADD.CompoundAdderTree.lowerTree.lowerTree.lowerTree.lowerTreeINFO: Explicit flatten for top_FPGen.FPGen.FMA.add.CADD.CompoundAdderTree.lowerTree.lowerTree.lowerTree.lowerTreeINFO: Explicit ungroup for top_FPGen.FPGen.FMA.add.CADD.CompoundAdderTree.lowerTree.lowerTree.lowerTree.lowerTree.lowerTreeINFO: Explicit flatten for top_FPGen.FPGen.FMA.add.CADD.CompoundAdderTree.lowerTree.lowerTree.lowerTree.lowerTree.lowerTreeINFO: Explicit ungroup for top_FPGen.FPGen.FMA.add.CADD.CompoundAdderTree.lowerTree.lowerTree.lowerTree.lowerTree.UpperTreeINFO: Explicit flatten for top_FPGen.FPGen.FMA.add.CADD.CompoundAdderTree.lowerTree.lowerTree.lowerTree.lowerTree.UpperTreeINFO: Explicit ungroup for top_FPGen.FPGen.FMA.add.CADD.CompoundAdderTree.lowerTree.lowerTree.lowerTree.UpperTreeINFO: Explicit flatten for top_FPGen.FPGen.FMA.add.CADD.CompoundAdderTree.lowerTree.lowerTree.lowerTree.UpperTreeINFO: Explicit ungroup for top_FPGen.FPGen.FMA.add.CADD.CompoundAdderTree.lowerTree.lowerTree.lowerTree.UpperTree.lowerTreeINFO: Explicit flatten for top_FPGen.FPGen.FMA.add.CADD.CompoundAdderTree.lowerTree.lowerTree.lowerTree.UpperTree.lowerTreeINFO: Explicit ungroup for top_FPGen.FPGen.FMA.add.CADD.CompoundAdderTree.lowerTree.lowerTree.lowerTree.UpperTree.UpperTreeINFO: Explicit flatten for top_FPGen.FPGen.FMA.add.CADD.CompoundAdderTree.lowerTree.lowerTree.lowerTree.UpperTree.UpperTreeINFO: Explicit ungroup for top_FPGen.FPGen.FMA.add.CADD.CompoundAdderTree.lowerTree.lowerTree.lowerTree.UpperTree.UpperTree.lowerTreeINFO: Explicit flatten for top_FPGen.FPGen.FMA.add.CADD.CompoundAdderTree.lowerTree.lowerTree.lowerTree.UpperTree.UpperTree.lowerTreeINFO: Explicit ungroup for top_FPGen.FPGen.FMA.add.CADD.CompoundAdderTree.lowerTree.lowerTree.lowerTree.UpperTree.UpperTree.UpperTreeINFO: Explicit flatten for top_FPGen.FPGen.FMA.add.CADD.CompoundAdderTree.lowerTree.lowerTree.lowerTree.UpperTree.UpperTree.UpperTreeINFO: Explicit ungroup for top_FPGen.FPGen.FMA.add.CADD.CompoundAdderTree.lowerTree.lowerTree.UpperTreeINFO: Explicit flatten for top_FPGen.FPGen.FMA.add.CADD.CompoundAdderTree.lowerTree.lowerTree.UpperTreeINFO: Explicit ungroup for top_FPGen.FPGen.FMA.add.CADD.CompoundAdderTree.lowerTree.lowerTree.UpperTree.lowerTreeINFO: Explicit flatten for top_FPGen.FPGen.FMA.add.CADD.CompoundAdderTree.lowerTree.lowerTree.UpperTree.lowerTreeINFO: Explicit ungroup for top_FPGen.FPGen.FMA.add.CADD.CompoundAdderTree.lowerTree.lowerTree.UpperTree.lowerTree.lowerTreeINFO: Explicit flatten for top_FPGen.FPGen.FMA.add.CADD.CompoundAdderTree.lowerTree.lowerTree.UpperTree.lowerTree.lowerTreeINFO: Explicit ungroup for top_FPGen.FPGen.FMA.add.CADD.CompoundAdderTree.lowerTree.lowerTree.UpperTree.lowerTree.UpperTreeINFO: Explicit flatten for top_FPGen.FPGen.FMA.add.CADD.CompoundAdderTree.lowerTree.lowerTree.UpperTree.lowerTree.UpperTreeINFO: Explicit ungroup for top_FPGen.FPGen.FMA.add.CADD.CompoundAdderTree.lowerTree.lowerTree.UpperTree.lowerTree.UpperTree.lowerTreeINFO: Explicit flatten for top_FPGen.FPGen.FMA.add.CADD.CompoundAdderTree.lowerTree.lowerTree.UpperTree.lowerTree.UpperTree.lowerTreeINFO: Explicit ungroup for top_FPGen.FPGen.FMA.add.CADD.CompoundAdderTree.lowerTree.lowerTree.UpperTree.lowerTree.UpperTree.UpperTreeINFO: Explicit flatten for top_FPGen.FPGen.FMA.add.CADD.CompoundAdderTree.lowerTree.lowerTree.UpperTree.lowerTree.UpperTree.UpperTreeINFO: Explicit ungroup for top_FPGen.FPGen.FMA.add.CADD.CompoundAdderTree.lowerTree.lowerTree.UpperTree.UpperTreeINFO: Explicit flatten for top_FPGen.FPGen.FMA.add.CADD.CompoundAdderTree.lowerTree.lowerTree.UpperTree.UpperTreeINFO: Explicit ungroup for top_FPGen.FPGen.FMA.add.CADD.CompoundAdderTree.lowerTree.lowerTree.UpperTree.UpperTree.lowerTreeINFO: Explicit flatten for top_FPGen.FPGen.FMA.add.CADD.CompoundAdderTree.lowerTree.lowerTree.UpperTree.UpperTree.lowerTreeINFO: Explicit ungroup for top_FPGen.FPGen.FMA.add.CADD.CompoundAdderTree.lowerTree.lowerTree.UpperTree.UpperTree.UpperTreeINFO: Explicit flatten for top_FPGen.FPGen.FMA.add.CADD.CompoundAdderTree.lowerTree.lowerTree.UpperTree.UpperTree.UpperTreeINFO: Explicit ungroup for top_FPGen.FPGen.FMA.add.CADD.CompoundAdderTree.lowerTree.lowerTree.UpperTree.UpperTree.UpperTree.lowerTreeINFO: Explicit flatten for top_FPGen.FPGen.FMA.add.CADD.CompoundAdderTree.lowerTree.lowerTree.UpperTree.UpperTree.UpperTree.lowerTreeINFO: Explicit ungroup for top_FPGen.FPGen.FMA.add.CADD.CompoundAdderTree.lowerTree.lowerTree.UpperTree.UpperTree.UpperTree.UpperTreeINFO: Explicit flatten for top_FPGen.FPGen.FMA.add.CADD.CompoundAdderTree.lowerTree.lowerTree.UpperTree.UpperTree.UpperTree.UpperTreeINFO: Explicit ungroup for top_FPGen.FPGen.FMA.add.CADD.CompoundAdderTree.lowerTree.UpperTreeINFO: Explicit flatten for top_FPGen.FPGen.FMA.add.CADD.CompoundAdderTree.lowerTree.UpperTreeINFO: Explicit ungroup for top_FPGen.FPGen.FMA.add.CADD.CompoundAdderTree.lowerTree.UpperTree.lowerTreeINFO: Explicit flatten for top_FPGen.FPGen.FMA.add.CADD.CompoundAdderTree.lowerTree.UpperTree.lowerTreeINFO: Explicit ungroup for top_FPGen.FPGen.FMA.add.CADD.CompoundAdderTree.lowerTree.UpperTree.lowerTree.lowerTreeINFO: Explicit flatten for top_FPGen.FPGen.FMA.add.CADD.CompoundAdderTree.lowerTree.UpperTree.lowerTree.lowerTreeINFO: Explicit ungroup for top_FPGen.FPGen.FMA.add.CADD.CompoundAdderTree.lowerTree.UpperTree.lowerTree.lowerTree.lowerTreeINFO: Explicit flatten for top_FPGen.FPGen.FMA.add.CADD.CompoundAdderTree.lowerTree.UpperTree.lowerTree.lowerTree.lowerTreeINFO: Explicit ungroup for top_FPGen.FPGen.FMA.add.CADD.CompoundAdderTree.lowerTree.UpperTree.lowerTree.lowerTree.UpperTreeINFO: Explicit flatten for top_FPGen.FPGen.FMA.add.CADD.CompoundAdderTree.lowerTree.UpperTree.lowerTree.lowerTree.UpperTreeINFO: Explicit ungroup for top_FPGen.FPGen.FMA.add.CADD.CompoundAdderTree.lowerTree.UpperTree.lowerTree.lowerTree.UpperTree.lowerTreeINFO: Explicit flatten for top_FPGen.FPGen.FMA.add.CADD.CompoundAdderTree.lowerTree.UpperTree.lowerTree.lowerTree.UpperTree.lowerTreeINFO: Explicit ungroup for top_FPGen.FPGen.FMA.add.CADD.CompoundAdderTree.lowerTree.UpperTree.lowerTree.lowerTree.UpperTree.UpperTreeINFO: Explicit flatten for top_FPGen.FPGen.FMA.add.CADD.CompoundAdderTree.lowerTree.UpperTree.lowerTree.lowerTree.UpperTree.UpperTreeINFO: Explicit ungroup for top_FPGen.FPGen.FMA.add.CADD.CompoundAdderTree.lowerTree.UpperTree.lowerTree.UpperTreeINFO: Explicit flatten for top_FPGen.FPGen.FMA.add.CADD.CompoundAdderTree.lowerTree.UpperTree.lowerTree.UpperTreeINFO: Explicit ungroup for top_FPGen.FPGen.FMA.add.CADD.CompoundAdderTree.lowerTree.UpperTree.lowerTree.UpperTree.lowerTreeINFO: Explicit flatten for top_FPGen.FPGen.FMA.add.CADD.CompoundAdderTree.lowerTree.UpperTree.lowerTree.UpperTree.lowerTreeINFO: Explicit ungroup for top_FPGen.FPGen.FMA.add.CADD.CompoundAdderTree.lowerTree.UpperTree.lowerTree.UpperTree.UpperTreeINFO: Explicit flatten for top_FPGen.FPGen.FMA.add.CADD.CompoundAdderTree.lowerTree.UpperTree.lowerTree.UpperTree.UpperTreeINFO: Explicit ungroup for top_FPGen.FPGen.FMA.add.CADD.CompoundAdderTree.lowerTree.UpperTree.lowerTree.UpperTree.UpperTree.lowerTreeINFO: Explicit flatten for top_FPGen.FPGen.FMA.add.CADD.CompoundAdderTree.lowerTree.UpperTree.lowerTree.UpperTree.UpperTree.lowerTreeINFO: Explicit ungroup for top_FPGen.FPGen.FMA.add.CADD.CompoundAdderTree.lowerTree.UpperTree.lowerTree.UpperTree.UpperTree.UpperTreeINFO: Explicit flatten for top_FPGen.FPGen.FMA.add.CADD.CompoundAdderTree.lowerTree.UpperTree.lowerTree.UpperTree.UpperTree.UpperTreeINFO: Explicit ungroup for top_FPGen.FPGen.FMA.add.CADD.CompoundAdderTree.lowerTree.UpperTree.UpperTreeINFO: Explicit flatten for top_FPGen.FPGen.FMA.add.CADD.CompoundAdderTree.lowerTree.UpperTree.UpperTreeINFO: Explicit ungroup for top_FPGen.FPGen.FMA.add.CADD.CompoundAdderTree.lowerTree.UpperTree.UpperTree.lowerTreeINFO: Explicit flatten for top_FPGen.FPGen.FMA.add.CADD.CompoundAdderTree.lowerTree.UpperTree.UpperTree.lowerTreeINFO: Explicit ungroup for top_FPGen.FPGen.FMA.add.CADD.CompoundAdderTree.lowerTree.UpperTree.UpperTree.lowerTree.lowerTreeINFO: Explicit flatten for top_FPGen.FPGen.FMA.add.CADD.CompoundAdderTree.lowerTree.UpperTree.UpperTree.lowerTree.lowerTreeINFO: Explicit ungroup for top_FPGen.FPGen.FMA.add.CADD.CompoundAdderTree.lowerTree.UpperTree.UpperTree.lowerTree.UpperTreeINFO: Explicit flatten for top_FPGen.FPGen.FMA.add.CADD.CompoundAdderTree.lowerTree.UpperTree.UpperTree.lowerTree.UpperTreeINFO: Explicit ungroup for top_FPGen.FPGen.FMA.add.CADD.CompoundAdderTree.lowerTree.UpperTree.UpperTree.lowerTree.UpperTree.lowerTreeINFO: Explicit flatten for top_FPGen.FPGen.FMA.add.CADD.CompoundAdderTree.lowerTree.UpperTree.UpperTree.lowerTree.UpperTree.lowerTreeINFO: Explicit ungroup for top_FPGen.FPGen.FMA.add.CADD.CompoundAdderTree.lowerTree.UpperTree.UpperTree.lowerTree.UpperTree.UpperTreeINFO: Explicit flatten for top_FPGen.FPGen.FMA.add.CADD.CompoundAdderTree.lowerTree.UpperTree.UpperTree.lowerTree.UpperTree.UpperTreeINFO: Explicit ungroup for top_FPGen.FPGen.FMA.add.CADD.CompoundAdderTree.lowerTree.UpperTree.UpperTree.UpperTreeINFO: Explicit flatten for top_FPGen.FPGen.FMA.add.CADD.CompoundAdderTree.lowerTree.UpperTree.UpperTree.UpperTreeINFO: Explicit ungroup for top_FPGen.FPGen.FMA.add.CADD.CompoundAdderTree.lowerTree.UpperTree.UpperTree.UpperTree.lowerTreeINFO: Explicit flatten for top_FPGen.FPGen.FMA.add.CADD.CompoundAdderTree.lowerTree.UpperTree.UpperTree.UpperTree.lowerTreeINFO: Explicit ungroup for top_FPGen.FPGen.FMA.add.CADD.CompoundAdderTree.lowerTree.UpperTree.UpperTree.UpperTree.UpperTreeINFO: Explicit flatten for top_FPGen.FPGen.FMA.add.CADD.CompoundAdderTree.lowerTree.UpperTree.UpperTree.UpperTree.UpperTreeINFO: Explicit ungroup for top_FPGen.FPGen.FMA.add.CADD.CompoundAdderTree.lowerTree.UpperTree.UpperTree.UpperTree.UpperTree.lowerTreeINFO: Explicit flatten for top_FPGen.FPGen.FMA.add.CADD.CompoundAdderTree.lowerTree.UpperTree.UpperTree.UpperTree.UpperTree.lowerTreeINFO: Explicit ungroup for top_FPGen.FPGen.FMA.add.CADD.CompoundAdderTree.lowerTree.UpperTree.UpperTree.UpperTree.UpperTree.UpperTreeINFO: Explicit flatten for top_FPGen.FPGen.FMA.add.CADD.CompoundAdderTree.lowerTree.UpperTree.UpperTree.UpperTree.UpperTree.UpperTreeINFO: Explicit ungroup for top_FPGen.FPGen.FMA.add.CADD.CompoundAdderTree.UpperTreeINFO: Explicit flatten for top_FPGen.FPGen.FMA.add.CADD.CompoundAdderTree.UpperTreeINFO: Explicit ungroup for top_FPGen.FPGen.FMA.add.CADD.CompoundAdderTree.UpperTree.lowerTreeINFO: Explicit flatten for top_FPGen.FPGen.FMA.add.CADD.CompoundAdderTree.UpperTree.lowerTreeINFO: Explicit ungroup for top_FPGen.FPGen.FMA.add.CADD.CompoundAdderTree.UpperTree.lowerTree.lowerTreeINFO: Explicit flatten for top_FPGen.FPGen.FMA.add.CADD.CompoundAdderTree.UpperTree.lowerTree.lowerTreeINFO: Explicit ungroup for top_FPGen.FPGen.FMA.add.CADD.CompoundAdderTree.UpperTree.lowerTree.lowerTree.lowerTreeINFO: Explicit flatten for top_FPGen.FPGen.FMA.add.CADD.CompoundAdderTree.UpperTree.lowerTree.lowerTree.lowerTreeINFO: Explicit ungroup for top_FPGen.FPGen.FMA.add.CADD.CompoundAdderTree.UpperTree.lowerTree.lowerTree.lowerTree.lowerTreeINFO: Explicit flatten for top_FPGen.FPGen.FMA.add.CADD.CompoundAdderTree.UpperTree.lowerTree.lowerTree.lowerTree.lowerTreeINFO: Explicit ungroup for top_FPGen.FPGen.FMA.add.CADD.CompoundAdderTree.UpperTree.lowerTree.lowerTree.lowerTree.UpperTreeINFO: Explicit flatten for top_FPGen.FPGen.FMA.add.CADD.CompoundAdderTree.UpperTree.lowerTree.lowerTree.lowerTree.UpperTreeINFO: Explicit ungroup for top_FPGen.FPGen.FMA.add.CADD.CompoundAdderTree.UpperTree.lowerTree.lowerTree.UpperTreeINFO: Explicit flatten for top_FPGen.FPGen.FMA.add.CADD.CompoundAdderTree.UpperTree.lowerTree.lowerTree.UpperTreeINFO: Explicit ungroup for top_FPGen.FPGen.FMA.add.CADD.CompoundAdderTree.UpperTree.lowerTree.lowerTree.UpperTree.lowerTreeINFO: Explicit flatten for top_FPGen.FPGen.FMA.add.CADD.CompoundAdderTree.UpperTree.lowerTree.lowerTree.UpperTree.lowerTreeINFO: Explicit ungroup for top_FPGen.FPGen.FMA.add.CADD.CompoundAdderTree.UpperTree.lowerTree.lowerTree.UpperTree.UpperTreeINFO: Explicit flatten for top_FPGen.FPGen.FMA.add.CADD.CompoundAdderTree.UpperTree.lowerTree.lowerTree.UpperTree.UpperTreeINFO: Explicit ungroup for top_FPGen.FPGen.FMA.add.CADD.CompoundAdderTree.UpperTree.lowerTree.lowerTree.UpperTree.UpperTree.lowerTreeINFO: Explicit flatten for top_FPGen.FPGen.FMA.add.CADD.CompoundAdderTree.UpperTree.lowerTree.lowerTree.UpperTree.UpperTree.lowerTreeINFO: Explicit ungroup for top_FPGen.FPGen.FMA.add.CADD.CompoundAdderTree.UpperTree.lowerTree.lowerTree.UpperTree.UpperTree.UpperTreeINFO: Explicit flatten for top_FPGen.FPGen.FMA.add.CADD.CompoundAdderTree.UpperTree.lowerTree.lowerTree.UpperTree.UpperTree.UpperTreeINFO: Explicit ungroup for top_FPGen.FPGen.FMA.add.CADD.CompoundAdderTree.UpperTree.lowerTree.UpperTreeINFO: Explicit flatten for top_FPGen.FPGen.FMA.add.CADD.CompoundAdderTree.UpperTree.lowerTree.UpperTreeINFO: Explicit ungroup for top_FPGen.FPGen.FMA.add.CADD.CompoundAdderTree.UpperTree.lowerTree.UpperTree.lowerTreeINFO: Explicit flatten for top_FPGen.FPGen.FMA.add.CADD.CompoundAdderTree.UpperTree.lowerTree.UpperTree.lowerTreeINFO: Explicit ungroup for top_FPGen.FPGen.FMA.add.CADD.CompoundAdderTree.UpperTree.lowerTree.UpperTree.lowerTree.lowerTreeINFO: Explicit flatten for top_FPGen.FPGen.FMA.add.CADD.CompoundAdderTree.UpperTree.lowerTree.UpperTree.lowerTree.lowerTreeINFO: Explicit ungroup for top_FPGen.FPGen.FMA.add.CADD.CompoundAdderTree.UpperTree.lowerTree.UpperTree.lowerTree.UpperTreeINFO: Explicit flatten for top_FPGen.FPGen.FMA.add.CADD.CompoundAdderTree.UpperTree.lowerTree.UpperTree.lowerTree.UpperTreeINFO: Explicit ungroup for top_FPGen.FPGen.FMA.add.CADD.CompoundAdderTree.UpperTree.lowerTree.UpperTree.lowerTree.UpperTree.lowerTreeINFO: Explicit flatten for top_FPGen.FPGen.FMA.add.CADD.CompoundAdderTree.UpperTree.lowerTree.UpperTree.lowerTree.UpperTree.lowerTreeINFO: Explicit ungroup for top_FPGen.FPGen.FMA.add.CADD.CompoundAdderTree.UpperTree.lowerTree.UpperTree.lowerTree.UpperTree.UpperTreeINFO: Explicit flatten for top_FPGen.FPGen.FMA.add.CADD.CompoundAdderTree.UpperTree.lowerTree.UpperTree.lowerTree.UpperTree.UpperTreeINFO: Explicit ungroup for top_FPGen.FPGen.FMA.add.CADD.CompoundAdderTree.UpperTree.lowerTree.UpperTree.UpperTreeINFO: Explicit flatten for top_FPGen.FPGen.FMA.add.CADD.CompoundAdderTree.UpperTree.lowerTree.UpperTree.UpperTreeINFO: Explicit ungroup for top_FPGen.FPGen.FMA.add.CADD.CompoundAdderTree.UpperTree.lowerTree.UpperTree.UpperTree.lowerTreeINFO: Explicit flatten for top_FPGen.FPGen.FMA.add.CADD.CompoundAdderTree.UpperTree.lowerTree.UpperTree.UpperTree.lowerTreeINFO: Explicit ungroup for top_FPGen.FPGen.FMA.add.CADD.CompoundAdderTree.UpperTree.lowerTree.UpperTree.UpperTree.UpperTreeINFO: Explicit flatten for top_FPGen.FPGen.FMA.add.CADD.CompoundAdderTree.UpperTree.lowerTree.UpperTree.UpperTree.UpperTreeINFO: Explicit ungroup for top_FPGen.FPGen.FMA.add.CADD.CompoundAdderTree.UpperTree.lowerTree.UpperTree.UpperTree.UpperTree.lowerTreeINFO: Explicit flatten for top_FPGen.FPGen.FMA.add.CADD.CompoundAdderTree.UpperTree.lowerTree.UpperTree.UpperTree.UpperTree.lowerTreeINFO: Explicit ungroup for top_FPGen.FPGen.FMA.add.CADD.CompoundAdderTree.UpperTree.lowerTree.UpperTree.UpperTree.UpperTree.UpperTreeINFO: Explicit flatten for top_FPGen.FPGen.FMA.add.CADD.CompoundAdderTree.UpperTree.lowerTree.UpperTree.UpperTree.UpperTree.UpperTreeINFO: Explicit ungroup for top_FPGen.FPGen.FMA.add.CADD.CompoundAdderTree.UpperTree.UpperTreeINFO: Explicit flatten for top_FPGen.FPGen.FMA.add.CADD.CompoundAdderTree.UpperTree.UpperTreeINFO: Explicit ungroup for top_FPGen.FPGen.FMA.add.CADD.CompoundAdderTree.UpperTree.UpperTree.lowerTreeINFO: Explicit flatten for top_FPGen.FPGen.FMA.add.CADD.CompoundAdderTree.UpperTree.UpperTree.lowerTreeINFO: Explicit ungroup for top_FPGen.FPGen.FMA.add.CADD.CompoundAdderTree.UpperTree.UpperTree.lowerTree.lowerTreeINFO: Explicit flatten for top_FPGen.FPGen.FMA.add.CADD.CompoundAdderTree.UpperTree.UpperTree.lowerTree.lowerTreeINFO: Explicit ungroup for top_FPGen.FPGen.FMA.add.CADD.CompoundAdderTree.UpperTree.UpperTree.lowerTree.lowerTree.lowerTreeINFO: Explicit flatten for top_FPGen.FPGen.FMA.add.CADD.CompoundAdderTree.UpperTree.UpperTree.lowerTree.lowerTree.lowerTreeINFO: Explicit ungroup for top_FPGen.FPGen.FMA.add.CADD.CompoundAdderTree.UpperTree.UpperTree.lowerTree.lowerTree.UpperTreeINFO: Explicit flatten for top_FPGen.FPGen.FMA.add.CADD.CompoundAdderTree.UpperTree.UpperTree.lowerTree.lowerTree.UpperTreeINFO: Explicit ungroup for top_FPGen.FPGen.FMA.add.CADD.CompoundAdderTree.UpperTree.UpperTree.lowerTree.lowerTree.UpperTree.lowerTreeINFO: Explicit flatten for top_FPGen.FPGen.FMA.add.CADD.CompoundAdderTree.UpperTree.UpperTree.lowerTree.lowerTree.UpperTree.lowerTreeINFO: Explicit ungroup for top_FPGen.FPGen.FMA.add.CADD.CompoundAdderTree.UpperTree.UpperTree.lowerTree.lowerTree.UpperTree.UpperTreeINFO: Explicit flatten for top_FPGen.FPGen.FMA.add.CADD.CompoundAdderTree.UpperTree.UpperTree.lowerTree.lowerTree.UpperTree.UpperTreeINFO: Explicit ungroup for top_FPGen.FPGen.FMA.add.CADD.CompoundAdderTree.UpperTree.UpperTree.lowerTree.UpperTreeINFO: Explicit flatten for top_FPGen.FPGen.FMA.add.CADD.CompoundAdderTree.UpperTree.UpperTree.lowerTree.UpperTreeINFO: Explicit ungroup for top_FPGen.FPGen.FMA.add.CADD.CompoundAdderTree.UpperTree.UpperTree.lowerTree.UpperTree.lowerTreeINFO: Explicit flatten for top_FPGen.FPGen.FMA.add.CADD.CompoundAdderTree.UpperTree.UpperTree.lowerTree.UpperTree.lowerTreeINFO: Explicit ungroup for top_FPGen.FPGen.FMA.add.CADD.CompoundAdderTree.UpperTree.UpperTree.lowerTree.UpperTree.UpperTreeINFO: Explicit flatten for top_FPGen.FPGen.FMA.add.CADD.CompoundAdderTree.UpperTree.UpperTree.lowerTree.UpperTree.UpperTreeINFO: Explicit ungroup for top_FPGen.FPGen.FMA.add.CADD.CompoundAdderTree.UpperTree.UpperTree.lowerTree.UpperTree.UpperTree.lowerTreeINFO: Explicit flatten for top_FPGen.FPGen.FMA.add.CADD.CompoundAdderTree.UpperTree.UpperTree.lowerTree.UpperTree.UpperTree.lowerTreeINFO: Explicit ungroup for top_FPGen.FPGen.FMA.add.CADD.CompoundAdderTree.UpperTree.UpperTree.lowerTree.UpperTree.UpperTree.UpperTreeINFO: Explicit flatten for top_FPGen.FPGen.FMA.add.CADD.CompoundAdderTree.UpperTree.UpperTree.lowerTree.UpperTree.UpperTree.UpperTreeINFO: Explicit ungroup for top_FPGen.FPGen.FMA.add.CADD.CompoundAdderTree.UpperTree.UpperTree.UpperTreeINFO: Explicit flatten for top_FPGen.FPGen.FMA.add.CADD.CompoundAdderTree.UpperTree.UpperTree.UpperTreeINFO: Explicit ungroup for top_FPGen.FPGen.FMA.add.CADD.CompoundAdderTree.UpperTree.UpperTree.UpperTree.lowerTreeINFO: Explicit flatten for top_FPGen.FPGen.FMA.add.CADD.CompoundAdderTree.UpperTree.UpperTree.UpperTree.lowerTreeINFO: Explicit ungroup for top_FPGen.FPGen.FMA.add.CADD.CompoundAdderTree.UpperTree.UpperTree.UpperTree.lowerTree.lowerTreeINFO: Explicit flatten for top_FPGen.FPGen.FMA.add.CADD.CompoundAdderTree.UpperTree.UpperTree.UpperTree.lowerTree.lowerTreeINFO: Explicit ungroup for top_FPGen.FPGen.FMA.add.CADD.CompoundAdderTree.UpperTree.UpperTree.UpperTree.lowerTree.UpperTreeINFO: Explicit flatten for top_FPGen.FPGen.FMA.add.CADD.CompoundAdderTree.UpperTree.UpperTree.UpperTree.lowerTree.UpperTreeINFO: Explicit ungroup for top_FPGen.FPGen.FMA.add.CADD.CompoundAdderTree.UpperTree.UpperTree.UpperTree.lowerTree.UpperTree.lowerTreeINFO: Explicit flatten for top_FPGen.FPGen.FMA.add.CADD.CompoundAdderTree.UpperTree.UpperTree.UpperTree.lowerTree.UpperTree.lowerTreeINFO: Explicit ungroup for top_FPGen.FPGen.FMA.add.CADD.CompoundAdderTree.UpperTree.UpperTree.UpperTree.lowerTree.UpperTree.UpperTreeINFO: Explicit flatten for top_FPGen.FPGen.FMA.add.CADD.CompoundAdderTree.UpperTree.UpperTree.UpperTree.lowerTree.UpperTree.UpperTreeINFO: Explicit ungroup for top_FPGen.FPGen.FMA.add.CADD.CompoundAdderTree.UpperTree.UpperTree.UpperTree.UpperTreeINFO: Explicit flatten for top_FPGen.FPGen.FMA.add.CADD.CompoundAdderTree.UpperTree.UpperTree.UpperTree.UpperTreeINFO: Explicit ungroup for top_FPGen.FPGen.FMA.add.CADD.CompoundAdderTree.UpperTree.UpperTree.UpperTree.UpperTree.lowerTreeINFO: Explicit flatten for top_FPGen.FPGen.FMA.add.CADD.CompoundAdderTree.UpperTree.UpperTree.UpperTree.UpperTree.lowerTreeINFO: Explicit ungroup for top_FPGen.FPGen.FMA.add.CADD.CompoundAdderTree.UpperTree.UpperTree.UpperTree.UpperTree.UpperTreeINFO: Explicit flatten for top_FPGen.FPGen.FMA.add.CADD.CompoundAdderTree.UpperTree.UpperTree.UpperTree.UpperTree.UpperTreeINFO: Explicit ungroup for top_FPGen.FPGen.FMA.add.CADD.CompoundAdderTree.UpperTree.UpperTree.UpperTree.UpperTree.UpperTree.lowerTreeINFO: Explicit flatten for top_FPGen.FPGen.FMA.add.CADD.CompoundAdderTree.UpperTree.UpperTree.UpperTree.UpperTree.UpperTree.lowerTreeINFO: Explicit ungroup for top_FPGen.FPGen.FMA.add.CADD.CompoundAdderTree.UpperTree.UpperTree.UpperTree.UpperTree.UpperTree.UpperTreeINFO: Explicit flatten for top_FPGen.FPGen.FMA.add.CADD.CompoundAdderTree.UpperTree.UpperTree.UpperTree.UpperTree.UpperTree.UpperTreeINFO: Explicit ungroup for top_FPGen.FPGen.FMA.inc_pipeINFO: Explicit flatten for top_FPGen.FPGen.FMA.inc_pipeINFO: Explicit retime for top_FPGen.FPGen.FMA.inc_pipe
 warning may not necessarily appear
    literally in your program.  For example, "that $foo" is usually
    optimized into "that " . $foo, and the warning will refer to the
    concatenation (.) operator, even though there is no . in
    your program.
    
Genesis2::ConfigHandler->SetPrmOverrides: Now processing command line parameter overrides
Genesis2::Manager->gen_verilog: Starting code generation from module top_FPGen
Genesis2::Manager->execute: Done With Verilog Code Generation Phase

Genesis2::Manager->execute: Starting Auxiliary File Generation Phase
Genesis2::ConfigHandler->WriteXml: Now writing output XML file: FPGen.xml
Use of uninitialized value at Genesis2/ConfigHandler.pm line 293 (#1)
Genesis2::Manager->execute: Done With Auxiliary File Generation Phase

-----------------------------------------------
--- Genesis Finished Generating Your Design ---
-----------------------------------------------

Making /nobackup/steveri/github/FP-Gen/simv because of genesis_vlog.vf
==================================================
sleep 1;
vcs  -sverilog +cli +memcbk +lint=PCWM +libext+.v -notice -full64 +v2k -debug_pp -timescale=1ps/1ps +noportcoerce +vcs+lic+wait +notimingcheck +delay_mode_zero -licqueue -ld gcc -top top_FPGen 						 -y /nobackup/steveri/github/FP-Gen +incdir+/nobackup/steveri/github/FP-Gen -y /cad/synopsys/dc_shell/J-2014.09-SP3/dw/sim_ver/ +incdir+/cad/synopsys/dc_shell/J-2014.09-SP3/dw/sim_ver/ -y /cad/synopsys/dc_shell/J-2014.09-SP3/packages/gtech/src_ver/ +incdir+/cad/synopsys/dc_shell/J-2014.09-SP3/packages/gtech/src_ver/ -f /nobackup/steveri/github/FP-Gen/genesis_vlog.vf  2>&1 | tee comp_bb.log 

Warning-[DEBUG_DEP] Option will be deprecated
  The option '-debug_pp' will be deprecated in a future release.  Please use 
  '-debug_acc+pp+dmptf -debug_region+cell+encrypt' instead.

*** Using c compiler gcc instead of cc ...
*** Using loader gcc instead of cc ...
                         Chronologic VCS (TM)
       Version Q-2020.03-SP2_Full64 -- Sat Jul 17 11:44:01 2021
               Copyright (c) 1991-2020 by Synopsys Inc.
                         ALL RIGHTS RESERVED

This program is proprietary and confidential information of Synopsys Inc.
and may be used and disclosed only as authorized in a license agreement
controlling such use and disclosure.

Parsing design file 'genesis_synth/FF_pipeline_unq1.v'
Parsing design file 'genesis_synth/FF_pipeline_unq2.v'
Parsing design file 'genesis_synth/FF_pipeline_unq3.v'
Parsing design file 'genesis_synth/FF_pipeline_unq4.v'
Parsing design file 'genesis_synth/adderBlackCell_unq1.v'
Parsing design file 'genesis_synth/adderSklanskyGPTree_unq1.v'
Parsing design file 'genesis_synth/adderGPTree_unq1.v'
Parsing design file 'genesis_synth/HardMultiple3_unq1.v'
Parsing design file 'genesis_synth/BoothSel_unq1.v'
Parsing design file 'genesis_synth/BoothEnc_unq1.v'
Parsing design file 'genesis_synth/BoothCell_unq1.v'
Parsing design file 'genesis_synth/Booth_unq1.v'
Parsing design file 'genesis_synth/CSA_unq1.v'
Parsing design file 'genesis_synth/ArrayColumn_unq1.v'
Parsing design file 'genesis_synth/ArrayColumn_unq2.v'
Parsing design file 'genesis_synth/ArrayColumn_unq3.v'
Parsing design file 'genesis_synth/HA_unq1.v'
Parsing design file 'genesis_synth/ArrayColumn_unq4.v'
Parsing design file 'genesis_synth/ArrayColumn_unq5.v'
Parsing design file 'genesis_synth/ArrayColumn_unq6.v'
Parsing design file 'genesis_synth/ArrayColumn_unq7.v'
Parsing design file 'genesis_synth/ArrayColumn_unq8.v'
Parsing design file 'genesis_synth/ArrayColumn_unq9.v'
Parsing design file 'genesis_synth/ArrayColumn_unq10.v'
Parsing design file 'genesis_synth/ArrayColumn_unq11.v'
Parsing design file 'genesis_synth/ArrayColumn_unq12.v'
Parsing design file 'genesis_synth/ArrayColumn_unq13.v'
Parsing design file 'genesis_synth/ArrayColumn_unq14.v'
Parsing design file 'genesis_synth/ArrayColumn_unq15.v'
Parsing design file 'genesis_synth/ArrayColumn_unq16.v'
Parsing design file 'genesis_synth/ArrayColumn_unq17.v'
Parsing design file 'genesis_synth/ArrayColumn_unq18.v'
Parsing design file 'genesis_synth/ArrayColumn_unq19.v'
Parsing design file 'genesis_synth/ArrayColumn_unq20.v'
Parsing design file 'genesis_synth/ArrayColumn_unq21.v'
Parsing design file 'genesis_synth/ArrayColumn_unq22.v'
Parsing design file 'genesis_synth/ArrayColumn_unq23.v'
Parsing design file 'genesis_synth/ArrayColumn_unq24.v'
Parsing design file 'genesis_synth/ArrayColumn_unq25.v'
Parsing design file 'genesis_synth/ArrayColumn_unq26.v'
Parsing design file 'genesis_synth/ArrayColumn_unq27.v'
Parsing design file 'genesis_synth/ArrayColumn_unq28.v'
Parsing design file 'genesis_synth/ArrayColumn_unq29.v'
Parsing design file 'genesis_synth/ArrayColumn_unq30.v'
Parsing design file 'genesis_synth/ArrayColumn_unq31.v'
Parsing design file 'genesis_synth/ArrayColumn_unq32.v'
Parsing design file 'genesis_synth/ArrayColumn_unq33.v'
Parsing design file 'genesis_synth/ArrayColumn_unq34.v'
Parsing design file 'genesis_synth/ArrayColumn_unq35.v'
Parsing design file 'genesis_synth/ArrayColumn_unq36.v'
Parsing design file 'genesis_synth/ArrayColumn_unq37.v'
Parsing design file 'genesis_synth/ArrayColumn_unq38.v'
Parsing design file 'genesis_synth/ArrayColumn_unq39.v'
Parsing design file 'genesis_synth/ArrayColumn_unq40.v'
Parsing design file 'genesis_synth/ArrayColumn_unq41.v'
Parsing design file 'genesis_synth/ArrayColumn_unq42.v'
Parsing design file 'genesis_synth/ArrayColumn_unq43.v'
Parsing design file 'genesis_synth/ArrayColumn_unq44.v'
Parsing design file 'genesis_synth/ArrayColumn_unq45.v'
Parsing design file 'genesis_synth/ArrayColumn_unq46.v'
Parsing design file 'genesis_synth/ArrayColumn_unq47.v'
Parsing design file 'genesis_synth/ArrayColumn_unq48.v'
Parsing design file 'genesis_synth/ArrayColumn_unq49.v'
Parsing design file 'genesis_synth/ArrayColumn_unq50.v'
Parsing design file 'genesis_synth/ArrayColumn_unq51.v'
Parsing design file 'genesis_synth/ArrayColumn_unq52.v'
Parsing design file 'genesis_synth/ArrayColumn_unq53.v'
Parsing design file 'genesis_synth/ArrayColumn_unq54.v'
Parsing design file 'genesis_synth/ArrayColumn_unq55.v'
Parsing design file 'genesis_synth/ArrayColumn_unq56.v'
Parsing design file 'genesis_synth/ArrayColumn_unq57.v'
Parsing design file 'genesis_synth/ArrayColumn_unq58.v'
Parsing design file 'genesis_synth/ArrayColumn_unq59.v'
Parsing design file 'genesis_synth/ArrayColumn_unq60.v'
Parsing design file 'genesis_synth/ArrayColumn_unq61.v'
Parsing design file 'genesis_synth/ArrayColumn_unq62.v'
Parsing design file 'genesis_synth/ArrayColumn_unq63.v'
Parsing design file 'genesis_synth/ArrayColumn_unq64.v'
Parsing design file 'genesis_synth/ArrayColumn_unq65.v'
Parsing design file 'genesis_synth/ArrayColumn_unq66.v'
Parsing design file 'genesis_synth/ArrayColumn_unq67.v'
Parsing design file 'genesis_synth/ArrayColumn_unq68.v'
Parsing design file 'genesis_synth/ArrayColumn_unq69.v'
Parsing design file 'genesis_synth/ArrayColumn_unq70.v'
Parsing design file 'genesis_synth/ArrayColumn_unq71.v'
Parsing design file 'genesis_synth/ArrayColumn_unq72.v'
Parsing design file 'genesis_synth/ArrayColumn_unq73.v'
Parsing design file 'genesis_synth/ArrayColumn_unq74.v'
Parsing design file 'genesis_synth/ArrayColumn_unq75.v'
Parsing design file 'genesis_synth/ArrayColumn_unq76.v'
Parsing design file 'genesis_synth/ArrayColumn_unq77.v'
Parsing design file 'genesis_synth/ArrayColumn_unq78.v'
Parsing design file 'genesis_synth/ArrayColumn_unq79.v'
Parsing design file 'genesis_synth/ArrayColumn_unq80.v'
Parsing design file 'genesis_synth/ArrayColumn_unq81.v'
Parsing design file 'genesis_synth/ArrayColumn_unq82.v'
Parsing design file 'genesis_synth/ArrayColumn_unq83.v'
Parsing design file 'genesis_synth/ArrayColumn_unq84.v'
Parsing design file 'genesis_synth/ArrayColumn_unq85.v'
Parsing design file 'genesis_synth/ArrayColumn_unq86.v'
Parsing design file 'genesis_synth/ArrayColumn_unq87.v'
Parsing design file 'genesis_synth/ArrayColumn_unq88.v'
Parsing design file 'genesis_synth/ArrayColumn_unq89.v'
Parsing design file 'genesis_synth/ArrayColumn_unq90.v'
Parsing design file 'genesis_synth/ArrayColumn_unq91.v'
Parsing design file 'genesis_synth/ArrayColumn_unq92.v'
Parsing design file 'genesis_synth/ArrayColumn_unq93.v'
Parsing design file 'genesis_synth/ArrayColumn_unq94.v'
Parsing design file 'genesis_synth/ArrayColumn_unq95.v'
Parsing design file 'genesis_synth/ArrayColumn_unq96.v'
Parsing design file 'genesis_synth/ArrayColumn_unq97.v'
Parsing design file 'genesis_synth/ArrayColumn_unq98.v'
Parsing design file 'genesis_synth/ArrayColumn_unq99.v'
Parsing design file 'genesis_synth/ArrayColumn_unq100.v'
Parsing design file 'genesis_synth/ArrayColumn_unq101.v'
Parsing design file 'genesis_synth/ArrayColumn_unq102.v'
Parsing design file 'genesis_synth/ArrayColumn_unq103.v'
Parsing design file 'genesis_synth/ArrayColumn_unq104.v'
Parsing design file 'genesis_synth/ArrayColumn_unq105.v'
Parsing design file 'genesis_synth/ArrayColumn_unq106.v'
Parsing design file 'genesis_synth/ArrayColumn_unq107.v'
Parsing design file 'genesis_synth/MultiplierTree_unq1.v'
Parsing design file 'genesis_synth/MultiplierP_unq1.v'
Parsing design file 'genesis_synth/FF_pipeline_unq5.v'
Parsing design file 'genesis_synth/Pipelined_MultiplierP_unq1.v'
Parsing design file 'genesis_synth/FF_pipeline_unq6.v'
Parsing design file 'genesis_synth/FF_pipeline_unq7.v'
Parsing design file 'genesis_synth/FF_pipeline_unq8.v'
Parsing design file 'genesis_synth/FMA_MulShift_unq1.v'
Parsing design file 'genesis_synth/FF_pipeline_unq9.v'
Parsing design file 'genesis_synth/FF_pipeline_unq10.v'
Parsing design file 'genesis_synth/SklanskyAdderTree_unq6.v'
Parsing design file 'genesis_synth/SklanskyAdderTree_unq5.v'
Parsing design file 'genesis_synth/SklanskyAdderTree_unq9.v'
Parsing design file 'genesis_synth/SklanskyAdderTree_unq8.v'
Parsing design file 'genesis_synth/SklanskyAdderTree_unq7.v'
Parsing design file 'genesis_synth/SklanskyAdderTree_unq4.v'
Parsing design file 'genesis_synth/SklanskyAdderTree_unq10.v'
Parsing design file 'genesis_synth/SklanskyAdderTree_unq3.v'
Parsing design file 'genesis_synth/SklanskyAdderTree_unq11.v'
Parsing design file 'genesis_synth/SklanskyAdderTree_unq2.v'
Parsing design file 'genesis_synth/SklanskyAdderTree_unq1.v'
Parsing design file 'genesis_synth/CompoundAdder_unq1.v'
Parsing design file 'genesis_synth/LZA_unq1.v'
Parsing design file 'genesis_synth/Rndlogic_unq1.v'
Parsing design file 'genesis_synth/FMA_Add_unq1.v'
Parsing design file 'genesis_synth/FF_pipeline_unq11.v'
Parsing design file 'genesis_synth/FPIncrementer_unq1.v'
Parsing design file 'genesis_synth/FMA_unq1.v'
Parsing design file 'genesis_synth/FPGenPkg.sv'
Parsing design file 'genesis_synth/FPGen_ifc_unq1.v'
Parsing design file 'genesis_synth/FPGen.v'
Parsing design file 'genesis_verif/clocker_unq1.v'
Parsing design file 'genesis_verif/FPGenControl_unq1.v'
Parsing design file 'genesis_verif/FPTransaction_unq1.v'
Parsing design file 'genesis_verif/FPTransaction_unq2.v'
Parsing design file 'genesis_verif/GoldFMA_unq1.v'
Parsing design file 'genesis_verif/forward_unq1.v'
Parsing design file 'genesis_verif/TestBench_FPGen_unq1.v'
Parsing design file 'genesis_verif/top_FPGen.v'
Parsing library directory file '/cad/synopsys/dc_shell/J-2014.09-SP3/dw/sim_ver/DW01_add.v'
Parsing library directory file '/cad/synopsys/dc_shell/J-2014.09-SP3/dw/sim_ver/DW01_csa.v'
Parsing library directory file '/cad/synopsys/dc_shell/J-2014.09-SP3/dw/sim_ver/DW_decode_en.v'
Parsing library directory file '/cad/synopsys/dc_shell/J-2014.09-SP3/dw/sim_ver/DW_lzd.v'
Parsing included file '/cad/synopsys/dc_shell/J-2014.09-SP3/dw/sim_ver/DW_lzd_function.inc'.
Back to file '/cad/synopsys/dc_shell/J-2014.09-SP3/dw/sim_ver/DW_lzd.v'.
Top Level Modules:
       top_FPGen
TimeScale is 1 ps / 1 ps
Starting vcs inline pass...

130 modules and 0 UDP read.
Generating code for _VCSgd_zL5Et
Generating code for _VCSgd_reYIK
Generating code for _VCSgd_CnmEU
recompiling module FF_pipeline_unq2
Generating code for _VCSgd_hCHhG
recompiling module FF_pipeline_unq3
Generating code for _VCSgd_hx8v0
recompiling module FF_pipeline_unq4
Generating code for _VCSgd_AEr2T
recompiling module adderBlackCell_unq1
Generating code for _VCSgd_c3t6n
recompiling module adderGPTree_unq1
Generating code for _VCSgd_ECM82
recompiling module BoothSel_unq1
Generating code for _VCSgd_GMYn7
recompiling module BoothEnc_unq1
Generating code for _VCSgd_nPAMV
recompiling module BoothCell_unq1
Generating code for _VCSgd_ZkMx2
recompiling module Booth_unq1
Generating code for _VCSgd_anAc1
recompiling module CSA_unq1
Generating code for _VCSgd_BSBEp
recompiling module ArrayColumn_unq1
Generating code for _VCSgd_mRqAw
recompiling module ArrayColumn_unq2
Generating code for _VCSgd_hTRY9
recompiling module ArrayColumn_unq3
Generating code for _VCSgd_kWkSm
recompiling module ArrayColumn_unq4
Generating code for _VCSgd_Pmh9N
recompiling module ArrayColumn_unq5
Generating code for _VCSgd_pxpdR
recompiling module ArrayColumn_unq6
Generating code for _VCSgd_jsCei
recompiling module ArrayColumn_unq7
Generating code for _VCSgd_jdyb8
recompiling module ArrayColumn_unq8
Generating code for _VCSgd_RpUxC
recompiling module ArrayColumn_unq9
Generating code for _VCSgd_frtHM
recompiling module ArrayColumn_unq10
Generating code for _VCSgd_I9Dyx
recompiling module ArrayColumn_unq11
Generating code for _VCSgd_jpimj
recompiling module ArrayColumn_unq12
Generating code for _VCSgd_daahn
recompiling module ArrayColumn_unq13
Generating code for _VCSgd_eWnkF
recompiling module ArrayColumn_unq14
Generating code for _VCSgd_tJBaM
recompiling module ArrayColumn_unq15
Generating code for _VCSgd_nmDbL
recompiling module ArrayColumn_unq16
Generating code for _VCSgd_zwwxy
recompiling module ArrayColumn_unq17
Generating code for _VCSgd_qeq37
recompiling module ArrayColumn_unq18
Generating code for _VCSgd_Ad3wU
recompiling module ArrayColumn_unq19
Generating code for _VCSgd_rvJMT
recompiling module ArrayColumn_unq20
Generating code for _VCSgd_jyVC5
recompiling module ArrayColumn_unq21
Generating code for _VCSgd_BAPrZ
recompiling module ArrayColumn_unq22
Generating code for _VCSgd_LNSGc
recompiling module ArrayColumn_unq23
Generating code for _VCSgd_UFZ4c
recompiling module ArrayColumn_unq24
Generating code for _VCSgd_q85Qp
recompiling module ArrayColumn_unq25
Generating code for _VCSgd_hfpBq
recompiling module ArrayColumn_unq26
Generating code for _VCSgd_Qhz2L
recompiling module ArrayColumn_unq27
Generating code for _VCSgd_EjJVi
recompiling module ArrayColumn_unq28
Generating code for _VCSgd_M9dRq
recompiling module ArrayColumn_unq29
Generating code for _VCSgd_tHwap
recompiling module ArrayColumn_unq30
Generating code for _VCSgd_WjAbi
recompiling module ArrayColumn_unq31
Generating code for _VCSgd_nPgHq
recompiling module ArrayColumn_unq32
Generating code for _VCSgd_ktGyN
recompiling module ArrayColumn_unq33
Generating code for _VCSgd_kf2Cz
recompiling module ArrayColumn_unq34
Generating code for _VCSgd_y5cnw
recompiling module ArrayColumn_unq35
Generating code for _VCSgd_iNAMa
recompiling module ArrayColumn_unq36
Generating code for _VCSgd_sFnnp
recompiling module ArrayColumn_unq37
Generating code for _VCSgd_EDpN1
recompiling module ArrayColumn_unq38
Generating code for _VCSgd_Nt7WK
recompiling module ArrayColumn_unq39
Generating code for _VCSgd_dwqpY
recompiling module ArrayColumn_unq40
Generating code for _VCSgd_aNKM0
50 of 130 modules done
recompiling module ArrayColumn_unq41
Generating code for _VCSgd_LwDiQ
recompiling module ArrayColumn_unq42
Generating code for _VCSgd_ee33y
recompiling module ArrayColumn_unq43
Generating code for _VCSgd_RmHGL
recompiling module ArrayColumn_unq44
Generating code for _VCSgd_bx606
recompiling module ArrayColumn_unq45
Generating code for _VCSgd_bcNhq
recompiling module ArrayColumn_unq46
Generating code for _VCSgd_MPj9L
recompiling module ArrayColumn_unq47
Generating code for _VCSgd_DTHah
recompiling module ArrayColumn_unq48
Generating code for _VCSgd_jS7vk
recompiling module ArrayColumn_unq49
Generating code for _VCSgd_SULK8
recompiling module ArrayColumn_unq50
Generating code for _VCSgd_WGC9w
recompiling module ArrayColumn_unq51
Generating code for _VCSgd_YuI5E
recompiling module ArrayColumn_unq52
Generating code for _VCSgd_gQidn
recompiling module ArrayColumn_unq53
Generating code for _VCSgd_FnHxY
recompiling module ArrayColumn_unq54
Generating code for _VCSgd_uDKCb
recompiling module ArrayColumn_unq55
Generating code for _VCSgd_HQ2uj
recompiling module ArrayColumn_unq56
Generating code for _VCSgd_YEhWw
recompiling module ArrayColumn_unq57
Generating code for _VCSgd_wyIHD
recompiling module ArrayColumn_unq58
Generating code for _VCSgd_QcQt8
recompiling module ArrayColumn_unq59
Generating code for _VCSgd_zgGti
recompiling module ArrayColumn_unq60
Generating code for _VCSgd_JvCxN
recompiling module ArrayColumn_unq61
Generating code for _VCSgd_QbZHQ
recompiling module ArrayColumn_unq62
Generating code for _VCSgd_TqtQN
recompiling module ArrayColumn_unq63
Generating code for _VCSgd_mWy4D
recompiling module ArrayColumn_unq64
Generating code for _VCSgd_Ln49I
recompiling module ArrayColumn_unq65
Generating code for _VCSgd_HxWrk
recompiling module ArrayColumn_unq66
Generating code for _VCSgd_agIrH
recompiling module ArrayColumn_unq67
Generating code for _VCSgd_E4sMu
recompiling module ArrayColumn_unq68
Generating code for _VCSgd_r4PKc
recompiling module ArrayColumn_unq69
Generating code for _VCSgd_DIpjK
recompiling module ArrayColumn_unq70
Generating code for _VCSgd_FYJnP
recompiling module ArrayColumn_unq71
Generating code for _VCSgd_eAb7s
recompiling module ArrayColumn_unq72
Generating code for _VCSgd_bLULS
recompiling module ArrayColumn_unq73
Generating code for _VCSgd_zAWQa
recompiling module ArrayColumn_unq74
Generating code for _VCSgd_EfqRQ
recompiling module ArrayColumn_unq75
Generating code for _VCSgd_V8yPp
recompiling module ArrayColumn_unq76
Generating code for _VCSgd_cSNEn
recompiling module ArrayColumn_unq77
Generating code for _VCSgd_nLy1C
recompiling module ArrayColumn_unq78
Generating code for _VCSgd_jg2If
recompiling module ArrayColumn_unq79
Generating code for _VCSgd_idcEG
recompiling module ArrayColumn_unq80
Generating code for _VCSgd_WgUfQ
recompiling module ArrayColumn_unq81
Generating code for _VCSgd_GiNEg
recompiling module ArrayColumn_unq82
Generating code for _VCSgd_TNt94
recompiling module ArrayColumn_unq83
Generating code for _VCSgd_zeVkF
recompiling module ArrayColumn_unq84
Generating code for _VCSgd_EGJ7N
recompiling module ArrayColumn_unq85
Generating code for _VCSgd_FCkT5
recompiling module ArrayColumn_unq86
Generating code for _VCSgd_r5Yrt
recompiling module ArrayColumn_unq87
Generating code for _VCSgd_jGsIN
recompiling module ArrayColumn_unq88
Generating code for _VCSgd_A601I
recompiling module ArrayColumn_unq89
Generating code for _VCSgd_h2PIm
recompiling module ArrayColumn_unq90
Generating code for _VCSgd_snzvM
100 of 130 modules done
recompiling module ArrayColumn_unq91
Generating code for _VCSgd_KzJM4
recompiling module ArrayColumn_unq92
Generating code for _VCSgd_ursZa
recompiling module ArrayColumn_unq93
Generating code for _VCSgd_W81v0
recompiling module ArrayColumn_unq94
Generating code for _VCSgd_uzmRP
recompiling module ArrayColumn_unq95
Generating code for _VCSgd_BAe9y
recompiling module ArrayColumn_unq96
Generating code for _VCSgd_HC5L9
recompiling module ArrayColumn_unq97
Generating code for _VCSgd_vqWT6
recompiling module ArrayColumn_unq98
Generating code for _VCSgd_jMWEy
recompiling module ArrayColumn_unq99
Generating code for _VCSgd_Kdms2
recompiling module ArrayColumn_unq100
Generating code for _VCSgd_R790Z
recompiling module ArrayColumn_unq101
Generating code for _VCSgd_gWq6h
recompiling module ArrayColumn_unq102
Generating code for _VCSgd_WzEtd
recompiling module ArrayColumn_unq103
Generating code for _VCSgd_eIEW6
recompiling module ArrayColumn_unq104
Generating code for _VCSgd_Wp3xk
recompiling module ArrayColumn_unq105
Generating code for _VCSgd_m9E8N
recompiling module ArrayColumn_unq106
Generating code for _VCSgd_xveHW
recompiling module ArrayColumn_unq107
Generating code for _VCSgd_u6Vcq
recompiling module MultiplierTree_unq1
Generating code for _VCSgd_twqRc
recompiling module SklanskyAdderTree_unq6
Generating code for _VCSgd_vEsed
recompiling module SklanskyAdderTree_unq7
Generating code for _VCSgd_dtYBf
recompiling module SklanskyAdderTree_unq10
Generating code for _VCSgd_ucihZ
recompiling module SklanskyAdderTree_unq2
Generating code for _VCSgd_Vc74L
recompiling module FF_pipeline_unq11
Generating code for _VCSgd_Ff6L0
recompiling module FPIncrementer_unq1
Generating code for _VCSgd_bhpzq
recompiling package FPGenPkg
Generating code for _VCSgd_wt4m5
recompiling module FPGen_ifc_unq1
Generating code for _VCSgd_GZtdj
recompiling module FPGen
Generating code for _VCSgd_fKjFB
recompiling module TestBench_FPGen_unq1
Generating code for _VCSgd_WawIp
recompiling module top_FPGen
Generating code for _VCSgd_GxcdZ
recompiling module DW01_csa
All of 130 modules done
make[1]: Entering directory '/nobackup/steveri/github/FP-Gen/csrc'
make[1]: Leaving directory '/nobackup/steveri/github/FP-Gen/csrc'
make[1]: Entering directory '/nobackup/steveri/github/FP-Gen/csrc'
rm -f _cuarc*.so _csrc*.so pre_vcsobj_*.so share_vcsobj_*.so
if [ -x ../simv ]; then chmod a-x ../simv; fi
gcc  -o ../simv   -no-pie  -Wl,--no-as-needed    -L/usr/lib/x86_64-linux-gnu -L/lib/x86_64-linux-gnu -Wl,--no-as-needed  -Wl,-rpath='$ORIGIN'/simv.daidir -Wl,-rpath=./simv.daidir -Wl,-rpath=/cad/synopsys/vcs/Q-2020.03-SP2/linux64/lib -L/cad/synopsys/vcs/Q-2020.03-SP2/linux64/lib  -Wl,-rpath-link=./   objs/amcQw_d.o   _3676_archive_1.so  SIM_l.o       rmapats_mop.o rmapats.o rmar.o rmar_nd.o  rmar_llvm_0_1.o rmar_llvm_0_0.o          -lnuma -lvirsim -lerrorinf -lsnpsmalloc -lvfs    -lvcsnew -lsimprofile -luclinative /cad/synopsys/vcs/Q-2020.03-SP2/linux64/lib/vcs_tls.o   -Wl,-whole-archive  -lvcsucli    -Wl,-no-whole-archive          /cad/synopsys/vcs/Q-2020.03-SP2/linux64/lib/vcs_save_restore_new.o -ldl  -lc -lm -lpthread -ldl 
../simv up to date
make[1]: Leaving directory '/nobackup/steveri/github/FP-Gen/csrc'
CPU time: 4.445 seconds to compile + .912 seconds to elab + .294 seconds to link

Now Running simv
==================================================
/nobackup/steveri/github/FP-Gen/simv  -l simv.log +vcs+lic+wait +vpdbufsize+100 +vpdfileswitchsize+100  -l run_bb.log
Notice: timing checks disabled with +notimingcheck at compile-time
Chronologic VCS simulator copyright 1991-2020
Contains Synopsys proprietary information.
Compiler version Q-2020.03-SP2_Full64; Runtime version Q-2020.03-SP2_Full64;  Jul 17 11:44 2021
Message: From $vcdpluson at time 0 in file genesis_verif/TestBench_FPGen_unq1.v line 555: [VCD+-SFSL]: 
Setting file switch size limit to (100) megabytes.
Message: From $vcdpluson at time 0 in file genesis_verif/TestBench_FPGen_unq1.v line 555: [VCD+-SVBS]: 
Setting buffer size to (100) megabytes.
Using Clk Period=        1000 pS
                   0: TESTBENCH IS ALIVE -- STARTING INITIALIZATION...
                   0: TESTBENCH IS ALIVE (SEED=      12345) -- NOW RUNNING          10 TESTS...

               26000: Transaction #1: 
               26000 opcode: 11
               26000: SENT:   TypeA=Random SignA=0 ExpA=0x28a FracA=0x7dd9fa9a065c5
               26000:         TypeB=Inf SignB=0 ExpB=0x7ff FracB=0x0000000000000
               26000:         TypeC=PointOneOneOne SignC=1 ExpC=0x3fe FracC=0xfffffffffffff
               26000: EXPECTED: Type=Inf Sign=0 Exp=0x7ff Frac=0x0000000000000
               26000: FOUND:   Type=Inf Sign=0 Exp=0x7ff Frac=0x0000000000000
               26000: 28a7dd9fa9a065c5x7ff0000000000000+bfefffffffffffff = 7ff0000000000000 (7ff0000000000000) Checked

               26500: Transaction #2: 
               26500 opcode: 01
               26500: SENT:   TypeA=PointOneOneOne SignA=0 ExpA=0x3fe FracA=0xfffffffffffff
               26500:         TypeB=PointOneOneOne SignB=0 ExpB=0x3fe FracB=0xfffffffffffff
               26500:         TypeC=Max SignC=0 ExpC=0x7fe FracC=0xfffffffffffff
               26500: EXPECTED: Type=Random Sign=0 Exp=0x3fe Frac=0xffffffffffffe
               26500: FOUND:   Type=Random Sign=0 Exp=0x3fe Frac=0xffffffffffffe
               26500: 3fefffffffffffffx3fefffffffffffff+7fefffffffffffff = 3feffffffffffffe (3feffffffffffffe) Checked

               27500: Transaction #3: 
               27500 opcode: 01
               27500: SENT:   TypeA=Max SignA=1 ExpA=0x7fe FracA=0xfffffffffffff
               27500:         TypeB=SignalingNaN SignB=1 ExpB=0x7ff FracB=0x5dcbae069cb16
               27500:         TypeC=Random SignC=0 ExpC=0x46e FracC=0xfbebcc228f655
               27500: EXPECTED: Type=QuietNaN Sign=0 Exp=0x7ff Frac=0xa33aec2b70d9f
               27500: FOUND:   Type=QuietNaN Sign=0 Exp=0x7ff Frac=0x8000000000000
               27500: ffefffffffffffffxfff5dcbae069cb16+46efbebcc228f655 = 7ff8000000000000 (7ffa33aec2b70d9f) Checked

               28500: Transaction #4: 
               28500 opcode: 11
               28500: SENT:   TypeA=Random SignA=0 ExpA=0x444 FracA=0xf38180097df58
               28500:         TypeB=Max SignB=1 ExpB=0x7fe FracB=0xfffffffffffff
               28500:         TypeC=QuietNaN SignC=0 ExpC=0x7ff FracC=0x83af75267c12d
               28500: EXPECTED: Type=QuietNaN Sign=0 Exp=0x7ff Frac=0x86fa359a734c3
               28500: FOUND:   Type=QuietNaN Sign=0 Exp=0x7ff Frac=0x8000000000000
               28500: 444f38180097df58xffefffffffffffff+7ff83af75267c12d = 7ff8000000000000 (7ff86fa359a734c3) Checked

               29500: Transaction #5: 
               29500 opcode: 01
               29500: SENT:   TypeA=Random SignA=0 ExpA=0x527 FracA=0xed05c400d7d39
               29500:         TypeB=Min SignB=1 ExpB=0x001 FracB=0x0000000000000
               29500:         TypeC=QuietNaN SignC=1 ExpC=0x7ff FracC=0xb280cfffbb47e
               29500: EXPECTED: Type=Random Sign=1 Exp=0x129 Frac=0xed05c400d7d39
               29500: FOUND:   Type=Random Sign=1 Exp=0x129 Frac=0xed05c400d7d39
               29500: 527ed05c400d7d39x8010000000000000+fffb280cfffbb47e = 929ed05c400d7d39 (929ed05c400d7d39) Checked

               30500: Transaction #6: 
               30500 opcode: 11
               30500: SENT:   TypeA=Denorm100 SignA=0 ExpA=0x000 FracA=0x8000000000000
               30500:         TypeB=QuietNaN SignB=0 ExpB=0x7ff FracB=0xb2de373992128
               30500:         TypeC=Max SignC=0 ExpC=0x7fe FracC=0xfffffffffffff
               30500: EXPECTED: Type=QuietNaN Sign=0 Exp=0x7ff Frac=0xbcfab977d5db5
               30500: FOUND:   Type=QuietNaN Sign=0 Exp=0x7ff Frac=0x8000000000000
               30500: 0008000000000000x7ffb2de373992128+7fefffffffffffff = 7ff8000000000000 (7ffbcfab977d5db5) Checked

               31500: Transaction #7: 
               31500 opcode: 10
               31500: SENT:   TypeA=Max SignA=0 ExpA=0x7fe FracA=0xfffffffffffff
               31500:         TypeB=Zero SignB=1 ExpB=0x000 FracB=0x0000000000000
               31500:         TypeC=Random SignC=0 ExpC=0x0fe FracC=0x44f363567ff64
               31500: EXPECTED: Type=Max Sign=0 Exp=0x7fe Frac=0xfffffffffffff
               31500: FOUND:   Type=Max Sign=0 Exp=0x7fe Frac=0xfffffffffffff
               31500: 7fefffffffffffffx8000000000000000+0fe44f363567ff64 = 7fefffffffffffff (7fefffffffffffff) Checked

               32500: Transaction #8: 
               32500 opcode: 10
               32500 B is forwarded from Transaction #3
               32500: SENT:   TypeA=Random SignA=1 ExpA=0x2da FracA=0xb5bf128546504
               32500:         TypeB=QuietNaN SignB=0 ExpB=0x7ff FracB=0xa33aec2b70d9f
               32500:         TypeC=Random SignC=0 ExpC=0x1d3 FracC=0x95b79f02036f2
               32500: EXPECTED: Type=Random Sign=1 Exp=0x2da Frac=0xb5bf128546504
               32500: FOUND:   Type=Random Sign=1 Exp=0x2da Frac=0xb5bf128546504
               32500: adab5bf128546504x7ffa33aec2b70d9f+1d395b79f02036f2 = adab5bf128546504 (adab5bf128546504) Checked

               33500: Transaction #9: 
               33500 opcode: 10
               33500 A is forwarded from Transaction #4
               33500: SENT:   TypeA=QuietNaN SignA=0 ExpA=0x7ff FracA=0x86fa359a734c3
               33500:         TypeB=QuietNaN SignB=1 ExpB=0x7ff FracB=0x9e626bfb2dadb
               33500:         TypeC=One SignC=1 ExpC=0x3ff FracC=0x0000000000000
               33500: EXPECTED: Type=QuietNaN Sign=0 Exp=0x7ff Frac=0xcd079c7ec6b2c
               33500: FOUND:   Type=QuietNaN Sign=0 Exp=0x7ff Frac=0x8000000000000
               33500: 7ff86fa359a734c3xfff9e626bfb2dadb+bff0000000000000 = 7ff8000000000000 (7ffcd079c7ec6b2c) Checked

               34500: Transaction #10: 
               34500 opcode: 10
               34500: SENT:   TypeA=Random SignA=1 ExpA=0x531 FracA=0x32b4cbd8b8973
               34500:         TypeB=Random SignB=1 ExpB=0x2ce FracB=0xa42a5422d2fa7
               34500:         TypeC=One SignC=1 ExpC=0x3ff FracC=0x0000000000000
               34500: EXPECTED: Type=Random Sign=1 Exp=0x531 Frac=0x32b4cbd8b8973
               34500: FOUND:   Type=Random Sign=1 Exp=0x531 Frac=0x32b4cbd8b8973
               34500: d3132b4cbd8b8973xacea42a5422d2fa7+bff0000000000000 = d3132b4cbd8b8973 (d3132b4cbd8b8973) Checked
               45000: TESTBENCH IS DONE -- [0;32mTEST PASS[0m
           V C S   S i m u l a t i o n   R e p o r t 
Time: 45000 ps
